Using pre-set license
Built from '2020.3/staging' branch; Version is '2020.3.13f1 (71691879b7f5) revision 7432472'; Using compiler version '192528614'; Build Type 'Release'
OS: 'Windows 10 Home; OS build 19042.1165; Version 2009; 64bit' Language: 'ja' Physical Memory: 16145 MB
BatchMode: 1, IsHumanControllingUs: 0, StartBugReporterOnCrash: 0, Is64bit: 1, IsPro: 0

 COMMAND LINE ARGUMENTS:
C:\Program Files\Unity\Hub\Editor\2020.3.13f1\Editor\Unity.exe
-adb2
-batchMode
-noUpm
-name
AssetImportWorker0
-projectPath
D:/T_Kobayashi_Submission/2d_puzzle
-logFile
Logs/AssetImportWorker0.log
-srvPort
53063
Successfully changed project path to: D:/T_Kobayashi_Submission/2d_puzzle
D:/T_Kobayashi_Submission/2d_puzzle
Using Asset Import Pipeline V2.
Refreshing native plugins compatible for Editor in 39.01 ms, found 2 plugins.
Preloading 0 native plugins for Editor in 0.00 ms.
Initialize engine version: 2020.3.13f1 (71691879b7f5)
[Subsystems] Discovering subsystems at path C:/Program Files/Unity/Hub/Editor/2020.3.13f1/Editor/Data/Resources/UnitySubsystems
[Subsystems] Discovering subsystems at path D:/T_Kobayashi_Submission/2d_puzzle/Assets
GfxDevice: creating device client; threaded=0
Direct3D:
    Version:  Direct3D 11.0 [level 11.1]
    Renderer: NVIDIA GeForce RTX 2060 (ID=0x1f15)
    Vendor:   
    VRAM:     5980 MB
    Driver:   27.21.14.6231
Initialize mono
Mono path[0] = 'C:/Program Files/Unity/Hub/Editor/2020.3.13f1/Editor/Data/Managed'
Mono path[1] = 'C:/Program Files/Unity/Hub/Editor/2020.3.13f1/Editor/Data/MonoBleedingEdge/lib/mono/unityjit'
Mono config path = 'C:/Program Files/Unity/Hub/Editor/2020.3.13f1/Editor/Data/MonoBleedingEdge/etc'
Using monoOptions --debugger-agent=transport=dt_socket,embedding=1,server=y,suspend=n,address=127.0.0.1:56492
Begin MonoManager ReloadAssembly
Registering precompiled unity dll's ...
Register platform support module: C:/Program Files/Unity/Hub/Editor/2020.3.13f1/Editor/Data/PlaybackEngines/WindowsStandaloneSupport/UnityEditor.WindowsStandalone.Extensions.dll
Registered in 0.002345 seconds.
Native extension for WindowsStandalone target not found
Refreshing native plugins compatible for Editor in 54.03 ms, found 2 plugins.
Preloading 0 native plugins for Editor in 0.00 ms.
Mono: successfully reloaded assembly
- Completed reload, in  2.441 seconds
Platform modules already initialized, skipping
Registering precompiled user dll's ...
Registered in 0.004285 seconds.
Begin MonoManager ReloadAssembly
Native extension for WindowsStandalone target not found
Refreshing native plugins compatible for Editor in 0.33 ms, found 2 plugins.
Preloading 0 native plugins for Editor in 0.00 ms.
Mono: successfully reloaded assembly
- Completed reload, in  1.146 seconds
Platform modules already initialized, skipping
========================================================================
Worker process is ready to serve import requests
Launched and connected shader compiler UnityShaderCompiler.exe after 0.06 seconds
Refreshing native plugins compatible for Editor in 0.47 ms, found 2 plugins.
Preloading 0 native plugins for Editor in 0.00 ms.
Unloading 1399 Unused Serialized files (Serialized files now loaded: 0)
System memory in use before: 87.2 MB.
System memory in use after: 87.3 MB.

Unloading 17 unused Assets to reduce memory usage. Loaded Objects now: 1856.
Total: 2.244800 ms (FindLiveObjects: 0.174200 ms CreateObjectMapping: 0.058900 ms MarkObjects: 1.988900 ms  DeleteObjects: 0.021500 ms)

AssetImportParameters requested are different than current active one (requested -> active):
  custom:framework-win-MediaFoundation: 216162199b28c13a410421893ffa2e32 -> 
  custom:video-decoder-ogg-theora: a1e56fd34408186e4bbccfd4996cb3dc -> 
  custom:container-muxer-webm: aa71ff27fc2769a1b78a27578f13a17b -> 
  custom:container-demuxer-webm: 4f35f7cbe854078d1ac9338744f61a02 -> 
  custom:container-demuxer-ogg: 62fdf1f143b41e24485cea50d1cbac27 -> 
  custom:video-encoder-webm-vp8: eb34c28f22e8b96e1ab97ce403110664 -> 
  custom:video-codec-MediaFoundation-h265: 746d11721c4dcdbdad8f713fa42b33f4 -> 
  custom:video-decoder-webm-vp8: 9c59270c3fd7afecdb556c50c9e8de78 -> 
  custom:audio-decoder-ogg-vorbis: bf7c407c2cedff20999df2af8eb42d56 -> 
  custom:audio-encoder-webm-vorbis: bf7c407c2cedff20999df2af8eb42d56 -> 
========================================================================
Received Import Request.
  path: Assets/Easter_UI/eggs/Icon_egg_06.png
  artifactKey: Guid(d0a3f678692b5fc4586fb9288fe198ce) Importer(815301076,1909f56bfc062723c751e8b465ee728b)
Start importing Assets/Easter_UI/eggs/Icon_egg_06.png using Guid(d0a3f678692b5fc4586fb9288fe198ce) Importer(815301076,1909f56bfc062723c751e8b465ee728b)  -> (artifact id: 'f14cc0f503d0077311a1f78c0b7ac051') in 0.239181 seconds 
  Import took 0.243590 seconds .

========================================================================
Received Import Request.
  Time since last request: 0.000629 seconds.
  path: Assets/Easter_UI/eggs/Icon_egg_44.png
  artifactKey: Guid(00537e85648a96c46800052f14cc7446) Importer(815301076,1909f56bfc062723c751e8b465ee728b)
Start importing Assets/Easter_UI/eggs/Icon_egg_44.png using Guid(00537e85648a96c46800052f14cc7446) Importer(815301076,1909f56bfc062723c751e8b465ee728b)  -> (artifact id: '4949f8169500286a65bf94f034fa415e') in 0.071224 seconds 
  Import took 0.076664 seconds .

========================================================================
Received Import Request.
  Time since last request: 0.000631 seconds.
  path: Assets/Easter_UI/eggs/Icon_egg_04.png
  artifactKey: Guid(592b4af6de11e374c9106bba887e982a) Importer(815301076,1909f56bfc062723c751e8b465ee728b)
Start importing Assets/Easter_UI/eggs/Icon_egg_04.png using Guid(592b4af6de11e374c9106bba887e982a) Importer(815301076,1909f56bfc062723c751e8b465ee728b)  -> (artifact id: '82a9a2a8baeb1b72569ff716a328e473') in 0.077794 seconds 
  Import took 0.083546 seconds .

========================================================================
Received Import Request.
  Time since last request: 0.000649 seconds.
  path: Assets/Easter_UI/eggs/Icon_egg_42.png
  artifactKey: Guid(e1ba06dc0bfd8ac41babb11a66b0f3fb) Importer(815301076,1909f56bfc062723c751e8b465ee728b)
Start importing Assets/Easter_UI/eggs/Icon_egg_42.png using Guid(e1ba06dc0bfd8ac41babb11a66b0f3fb) Importer(815301076,1909f56bfc062723c751e8b465ee728b)  -> (artifact id: '967c1d7aafff0a89f0e47b0e235d2419') in 0.055050 seconds 
  Import took 0.060658 seconds .

========================================================================
Received Import Request.
  Time since last request: 0.000628 seconds.
  path: Assets/Easter_UI/eggs/Icon_egg_21.png
  artifactKey: Guid(2008860ac85cb16478f473c9177798ea) Importer(815301076,1909f56bfc062723c751e8b465ee728b)
Start importing Assets/Easter_UI/eggs/Icon_egg_21.png using Guid(2008860ac85cb16478f473c9177798ea) Importer(815301076,1909f56bfc062723c751e8b465ee728b)  -> (artifact id: '3f6aeeb6984daa6350b9536d44a28057') in 0.051047 seconds 
  Import took 0.057890 seconds .

========================================================================
Received Import Request.
  Time since last request: 0.000620 seconds.
  path: Assets/Easter_UI/eggs/Icon_egg_17.png
  artifactKey: Guid(32ad3acbe2e32504c8057756952822c8) Importer(815301076,1909f56bfc062723c751e8b465ee728b)
Start importing Assets/Easter_UI/eggs/Icon_egg_17.png using Guid(32ad3acbe2e32504c8057756952822c8) Importer(815301076,1909f56bfc062723c751e8b465ee728b)  -> (artifact id: 'd9cefbc052b5b0434f57bf129604dcdd') in 0.054577 seconds 
  Import took 0.058819 seconds .

========================================================================
Received Import Request.
  Time since last request: 0.000338 seconds.
  path: Assets/Easter_UI/eggs/Icon_egg_43.png
  artifactKey: Guid(1d28fe5ab4f9045468658299c2ea6367) Importer(815301076,1909f56bfc062723c751e8b465ee728b)
Start importing Assets/Easter_UI/eggs/Icon_egg_43.png using Guid(1d28fe5ab4f9045468658299c2ea6367) Importer(815301076,1909f56bfc062723c751e8b465ee728b)  -> (artifact id: '346f7dd0639acdf4b7a4b30ec781198c') in 0.047017 seconds 
  Import took 0.049812 seconds .

========================================================================
Received Import Request.
  Time since last request: 0.000362 seconds.
  path: Assets/Easter_UI/eggs/Icon_egg_19.png
  artifactKey: Guid(e605ce17ddf5a6346bed8dde23208d62) Importer(815301076,1909f56bfc062723c751e8b465ee728b)
Start importing Assets/Easter_UI/eggs/Icon_egg_19.png using Guid(e605ce17ddf5a6346bed8dde23208d62) Importer(815301076,1909f56bfc062723c751e8b465ee728b)  -> (artifact id: '12dc259982f5fe9e4ff86f9f43f41105') in 0.040113 seconds 
  Import took 0.042871 seconds .

========================================================================
Received Import Request.
  Time since last request: 0.000331 seconds.
  path: Assets/Easter_UI/eggs/Icon_egg_45.png
  artifactKey: Guid(211b1e8cb73cd7a4e9a71a9d22668699) Importer(815301076,1909f56bfc062723c751e8b465ee728b)
Start importing Assets/Easter_UI/eggs/Icon_egg_45.png using Guid(211b1e8cb73cd7a4e9a71a9d22668699) Importer(815301076,1909f56bfc062723c751e8b465ee728b)  -> (artifact id: 'f82e06c5316952618d55b0193f0c9d0e') in 0.036396 seconds 
  Import took 0.053106 seconds .

========================================================================
Received Import Request.
  Time since last request: 0.000381 seconds.
  path: Assets/Easter_UI/eggs/Icon_egg_18.png
  artifactKey: Guid(ca1c47a78abdfaa4a9c748e2f5688736) Importer(815301076,1909f56bfc062723c751e8b465ee728b)
Start importing Assets/Easter_UI/eggs/Icon_egg_18.png using Guid(ca1c47a78abdfaa4a9c748e2f5688736) Importer(815301076,1909f56bfc062723c751e8b465ee728b)  -> (artifact id: '8564d85ef83152f432329de48ce33c01') in 0.051455 seconds 
  Import took 0.066496 seconds .

========================================================================
Received Import Request.
  Time since last request: 0.000381 seconds.
  path: Assets/Easter_UI/eggs/Icon_egg_16.png
  artifactKey: Guid(a16f109c492c7ee4a865f266792ea605) Importer(815301076,1909f56bfc062723c751e8b465ee728b)
Start importing Assets/Easter_UI/eggs/Icon_egg_16.png using Guid(a16f109c492c7ee4a865f266792ea605) Importer(815301076,1909f56bfc062723c751e8b465ee728b)  -> (artifact id: '9f8e1275f0f20f2cd7fd238d452d97e5') in 0.034964 seconds 
  Import took 0.037845 seconds .

========================================================================
Received Import Request.
  Time since last request: 0.000391 seconds.
  path: Assets/Easter_UI/eggs
  artifactKey: Guid(8df07fb603d07ff4fb371b5ce7a56c76) Importer(815301076,1909f56bfc062723c751e8b465ee728b)
Start importing Assets/Easter_UI/eggs using Guid(8df07fb603d07ff4fb371b5ce7a56c76) Importer(815301076,1909f56bfc062723c751e8b465ee728b)  -> (artifact id: 'ed0dbd01bae91cc54d8a85cc4921bee9') in 0.016042 seconds 
  Import took 0.018980 seconds .

========================================================================
Received Import Request.
  Time since last request: 0.000380 seconds.
  path: Assets/Easter_UI/eggs/Icon_egg_22.png
  artifactKey: Guid(cc872f9a83d022c4cb8ac5596462626b) Importer(815301076,1909f56bfc062723c751e8b465ee728b)
Start importing Assets/Easter_UI/eggs/Icon_egg_22.png using Guid(cc872f9a83d022c4cb8ac5596462626b) Importer(815301076,1909f56bfc062723c751e8b465ee728b)  -> (artifact id: '165a63c8f3a31f58b694021dc5d313e1') in 0.043628 seconds 
  Import took 0.046582 seconds .

========================================================================
Received Import Request.
  Time since last request: 0.000330 seconds.
  path: Assets/Easter_UI/eggs/Icon_egg_20.png
  artifactKey: Guid(86b74199bef26df46beb264de777b99a) Importer(815301076,1909f56bfc062723c751e8b465ee728b)
Start importing Assets/Easter_UI/eggs/Icon_egg_20.png using Guid(86b74199bef26df46beb264de777b99a) Importer(815301076,1909f56bfc062723c751e8b465ee728b)  -> (artifact id: '509536e2259bd8f441f75bdb1539c426') in 0.026767 seconds 
  Import took 0.029643 seconds .

========================================================================
Received Import Request.
  Time since last request: 0.000380 seconds.
  path: Assets/Easter_UI/eggs/Icon_egg_05.png
  artifactKey: Guid(c6a96f45381824b4b84e463f176397f3) Importer(815301076,1909f56bfc062723c751e8b465ee728b)
Start importing Assets/Easter_UI/eggs/Icon_egg_05.png using Guid(c6a96f45381824b4b84e463f176397f3) Importer(815301076,1909f56bfc062723c751e8b465ee728b)  -> (artifact id: '09d5cfc17ee5be550af8444ef2d776f6') in 0.041737 seconds 
  Import took 0.044696 seconds .

========================================================================
Received Import Request.
  Time since last request: 0.000373 seconds.
  path: Assets/Easter_UI/eggs/Icon_egg_32.png
  artifactKey: Guid(eb1b55e93b007f445bc175fc0b745ab1) Importer(815301076,1909f56bfc062723c751e8b465ee728b)
Start importing Assets/Easter_UI/eggs/Icon_egg_32.png using Guid(eb1b55e93b007f445bc175fc0b745ab1) Importer(815301076,1909f56bfc062723c751e8b465ee728b)  -> (artifact id: 'a7ae4c3da295028bb0831bc9103911ed') in 0.030270 seconds 
  Import took 0.033076 seconds .

========================================================================
Received Prepare
Registering precompiled user dll's ...
Registered in 0.013420 seconds.
Begin MonoManager ReloadAssembly
Native extension for WindowsStandalone target not found
Refreshing native plugins compatible for Editor in 0.34 ms, found 2 plugins.
Preloading 0 native plugins for Editor in 0.00 ms.
Mono: successfully reloaded assembly
- Completed reload, in  1.127 seconds
Platform modules already initialized, skipping
Switching build target platform(19) subTarget(0) extendedPlatform(0) -> platform(13) subTarget(589824) extendedPlatform(0)
Refreshing native plugins compatible for Editor in 0.35 ms, found 2 plugins.
Preloading 0 native plugins for Editor in 0.00 ms.
Unloading 1396 Unused Serialized files (Serialized files now loaded: 0)
System memory in use before: 89.9 MB.
System memory in use after: 90.0 MB.

Unloading 13 unused Assets to reduce memory usage. Loaded Objects now: 1865.
Total: 2.403300 ms (FindLiveObjects: 0.166800 ms CreateObjectMapping: 0.048500 ms MarkObjects: 2.169000 ms  DeleteObjects: 0.018200 ms)

AssetImportParameters requested are different than current active one (requested -> active):
  custom:framework-win-MediaFoundation: 216162199b28c13a410421893ffa2e32 -> 
  custom:video-decoder-ogg-theora: a1e56fd34408186e4bbccfd4996cb3dc -> 
  custom:container-muxer-webm: aa71ff27fc2769a1b78a27578f13a17b -> 
  custom:container-demuxer-webm: 4f35f7cbe854078d1ac9338744f61a02 -> 
  custom:container-demuxer-ogg: 62fdf1f143b41e24485cea50d1cbac27 -> 
  custom:video-encoder-webm-vp8: eb34c28f22e8b96e1ab97ce403110664 -> 
  custom:video-codec-MediaFoundation-h265: 746d11721c4dcdbdad8f713fa42b33f4 -> 
  custom:video-decoder-webm-vp8: 9c59270c3fd7afecdb556c50c9e8de78 -> 
  custom:graphics/normal-map-encoding: 01000000000000000000000000000000 -> 02000000000000000000000000000000
  custom:audio-decoder-ogg-vorbis: bf7c407c2cedff20999df2af8eb42d56 -> 
  custom:audio-encoder-webm-vorbis: bf7c407c2cedff20999df2af8eb42d56 -> 
========================================================================
Received Prepare
Registering precompiled user dll's ...
Registered in 0.007586 seconds.
Begin MonoManager ReloadAssembly
Native extension for WindowsStandalone target not found
Refreshing native plugins compatible for Editor in 0.41 ms, found 2 plugins.
Preloading 0 native plugins for Editor in 0.00 ms.
Mono: successfully reloaded assembly
- Completed reload, in  1.114 seconds
Platform modules already initialized, skipping
Switching build target platform(19) subTarget(0) extendedPlatform(0) -> platform(13) subTarget(589824) extendedPlatform(0)
Refreshing native plugins compatible for Editor in 0.36 ms, found 2 plugins.
Preloading 0 native plugins for Editor in 0.00 ms.
Unloading 1396 Unused Serialized files (Serialized files now loaded: 0)
System memory in use before: 90.0 MB.
System memory in use after: 90.1 MB.

Unloading 13 unused Assets to reduce memory usage. Loaded Objects now: 1868.
Total: 2.480900 ms (FindLiveObjects: 0.152600 ms CreateObjectMapping: 0.051100 ms MarkObjects: 2.257200 ms  DeleteObjects: 0.018900 ms)

AssetImportParameters requested are different than current active one (requested -> active):
  custom:framework-win-MediaFoundation: 216162199b28c13a410421893ffa2e32 -> 
  custom:video-decoder-ogg-theora: a1e56fd34408186e4bbccfd4996cb3dc -> 
  custom:container-muxer-webm: aa71ff27fc2769a1b78a27578f13a17b -> 
  custom:container-demuxer-webm: 4f35f7cbe854078d1ac9338744f61a02 -> 
  custom:container-demuxer-ogg: 62fdf1f143b41e24485cea50d1cbac27 -> 
  custom:video-encoder-webm-vp8: eb34c28f22e8b96e1ab97ce403110664 -> 
  custom:video-codec-MediaFoundation-h265: 746d11721c4dcdbdad8f713fa42b33f4 -> 
  custom:video-decoder-webm-vp8: 9c59270c3fd7afecdb556c50c9e8de78 -> 
  custom:graphics/normal-map-encoding: 01000000000000000000000000000000 -> 02000000000000000000000000000000
  custom:audio-decoder-ogg-vorbis: bf7c407c2cedff20999df2af8eb42d56 -> 
  custom:audio-encoder-webm-vorbis: bf7c407c2cedff20999df2af8eb42d56 -> 
========================================================================
Received Prepare
Registering precompiled user dll's ...
Registered in 0.007775 seconds.
Begin MonoManager ReloadAssembly
Native extension for WindowsStandalone target not found
Refreshing native plugins compatible for Editor in 0.33 ms, found 2 plugins.
Preloading 0 native plugins for Editor in 0.00 ms.
Mono: successfully reloaded assembly
- Completed reload, in  1.503 seconds
Platform modules already initialized, skipping
Switching build target platform(19) subTarget(0) extendedPlatform(0) -> platform(13) subTarget(589824) extendedPlatform(0)
Refreshing native plugins compatible for Editor in 0.33 ms, found 2 plugins.
Preloading 0 native plugins for Editor in 0.00 ms.
Unloading 1396 Unused Serialized files (Serialized files now loaded: 0)
System memory in use before: 90.0 MB.
System memory in use after: 90.1 MB.

Unloading 13 unused Assets to reduce memory usage. Loaded Objects now: 1871.
Total: 2.419000 ms (FindLiveObjects: 0.160200 ms CreateObjectMapping: 0.046500 ms MarkObjects: 2.194400 ms  DeleteObjects: 0.016900 ms)

AssetImportParameters requested are different than current active one (requested -> active):
  custom:framework-win-MediaFoundation: 216162199b28c13a410421893ffa2e32 -> 
  custom:video-decoder-ogg-theora: a1e56fd34408186e4bbccfd4996cb3dc -> 
  custom:container-muxer-webm: aa71ff27fc2769a1b78a27578f13a17b -> 
  custom:container-demuxer-webm: 4f35f7cbe854078d1ac9338744f61a02 -> 
  custom:container-demuxer-ogg: 62fdf1f143b41e24485cea50d1cbac27 -> 
  custom:video-encoder-webm-vp8: eb34c28f22e8b96e1ab97ce403110664 -> 
  custom:video-codec-MediaFoundation-h265: 746d11721c4dcdbdad8f713fa42b33f4 -> 
  custom:video-decoder-webm-vp8: 9c59270c3fd7afecdb556c50c9e8de78 -> 
  custom:graphics/normal-map-encoding: 01000000000000000000000000000000 -> 02000000000000000000000000000000
  custom:audio-decoder-ogg-vorbis: bf7c407c2cedff20999df2af8eb42d56 -> 
  custom:audio-encoder-webm-vorbis: bf7c407c2cedff20999df2af8eb42d56 -> 
========================================================================
Received Import Request.
  Time since last request: 452.516789 seconds.
  path: Assets/Sprites/Candy_Result.png
  artifactKey: Guid(86c286399f2b5e44198b8a83ed97c48c) Importer(815301076,1909f56bfc062723c751e8b465ee728b)
Start importing Assets/Sprites/Candy_Result.png using Guid(86c286399f2b5e44198b8a83ed97c48c) Importer(815301076,1909f56bfc062723c751e8b465ee728b)  -> (artifact id: '1675543bbca25341c4685fcdcf96e682') in 0.078527 seconds 
  Import took 0.081919 seconds .

========================================================================
Received Import Request.
  Time since last request: 213.961928 seconds.
  path: Assets/Sprites/Candy_Re.png
  artifactKey: Guid(94cfe894cb6502a4e83fca137632f0a9) Importer(815301076,1909f56bfc062723c751e8b465ee728b)
Start importing Assets/Sprites/Candy_Re.png using Guid(94cfe894cb6502a4e83fca137632f0a9) Importer(815301076,1909f56bfc062723c751e8b465ee728b)  -> (artifact id: '154ed9d5dd22a17136a090f975566053') in 0.038142 seconds 
  Import took 0.041476 seconds .

========================================================================
Received Prepare
Registering precompiled user dll's ...
Registered in 0.005032 seconds.
Begin MonoManager ReloadAssembly
Native extension for WindowsStandalone target not found
Refreshing native plugins compatible for Editor in 0.35 ms, found 2 plugins.
Preloading 0 native plugins for Editor in 0.00 ms.
Mono: successfully reloaded assembly
- Completed reload, in  1.299 seconds
Platform modules already initialized, skipping
Switching build target platform(19) subTarget(0) extendedPlatform(0) -> platform(13) subTarget(589824) extendedPlatform(0)
Refreshing native plugins compatible for Editor in 0.33 ms, found 2 plugins.
Preloading 0 native plugins for Editor in 0.00 ms.
Unloading 1396 Unused Serialized files (Serialized files now loaded: 0)
System memory in use before: 90.0 MB.
System memory in use after: 90.1 MB.

Unloading 13 unused Assets to reduce memory usage. Loaded Objects now: 1879.
Total: 2.450100 ms (FindLiveObjects: 0.164100 ms CreateObjectMapping: 0.047700 ms MarkObjects: 2.219300 ms  DeleteObjects: 0.017700 ms)

AssetImportParameters requested are different than current active one (requested -> active):
  custom:framework-win-MediaFoundation: 216162199b28c13a410421893ffa2e32 -> 
  custom:video-decoder-ogg-theora: a1e56fd34408186e4bbccfd4996cb3dc -> 
  custom:container-muxer-webm: aa71ff27fc2769a1b78a27578f13a17b -> 
  custom:container-demuxer-webm: 4f35f7cbe854078d1ac9338744f61a02 -> 
  custom:container-demuxer-ogg: 62fdf1f143b41e24485cea50d1cbac27 -> 
  custom:video-encoder-webm-vp8: eb34c28f22e8b96e1ab97ce403110664 -> 
  custom:video-codec-MediaFoundation-h265: 746d11721c4dcdbdad8f713fa42b33f4 -> 
  custom:video-decoder-webm-vp8: 9c59270c3fd7afecdb556c50c9e8de78 -> 
  custom:graphics/normal-map-encoding: 01000000000000000000000000000000 -> 02000000000000000000000000000000
  custom:audio-decoder-ogg-vorbis: bf7c407c2cedff20999df2af8eb42d56 -> 
  custom:audio-encoder-webm-vorbis: bf7c407c2cedff20999df2af8eb42d56 -> 
========================================================================
Received Import Request.
  Time since last request: 1143.713521 seconds.
  path: Assets/Founts
  artifactKey: Guid(652474bf1940096499e80b94d4584b4f) Importer(815301076,1909f56bfc062723c751e8b465ee728b)
Start importing Assets/Founts using Guid(652474bf1940096499e80b94d4584b4f) Importer(815301076,1909f56bfc062723c751e8b465ee728b)  -> (artifact id: '794cdd0843a08808bea0ca6b5aa9dc1f') in 0.010120 seconds 
  Import took 0.013410 seconds .

========================================================================
Received Import Request.
  Time since last request: 0.071327 seconds.
  path: Assets/Founts/1-01.jpg
  artifactKey: Guid(122e3f2a53887274ba9fcf536c03550c) Importer(815301076,1909f56bfc062723c751e8b465ee728b)
Start importing Assets/Founts/1-01.jpg using Guid(122e3f2a53887274ba9fcf536c03550c) Importer(815301076,1909f56bfc062723c751e8b465ee728b)  -> (artifact id: 'c722151f9d9f8d53821582149c9c0d81') in 0.081074 seconds 
  Import took 0.084735 seconds .

========================================================================
Received Import Request.
  Time since last request: 0.000360 seconds.
  path: Assets/Founts/Bubble Love Demo.otf
  artifactKey: Guid(f54dbcfcfff0947478a3ebbac6d8ebf9) Importer(815301076,1909f56bfc062723c751e8b465ee728b)
Start importing Assets/Founts/Bubble Love Demo.otf using Guid(f54dbcfcfff0947478a3ebbac6d8ebf9) Importer(815301076,1909f56bfc062723c751e8b465ee728b)  -> (artifact id: 'be2405b24750ef091dcc056b774aa9a1') in 0.074971 seconds 
  Import took 0.077752 seconds .

========================================================================
Received Import Request.
  Time since last request: 0.000360 seconds.
  path: Assets/Founts/5-01.jpg
  artifactKey: Guid(24d3fb79124b04f4ea76beaf1221f4de) Importer(815301076,1909f56bfc062723c751e8b465ee728b)
Start importing Assets/Founts/5-01.jpg using Guid(24d3fb79124b04f4ea76beaf1221f4de) Importer(815301076,1909f56bfc062723c751e8b465ee728b)  -> (artifact id: '00bd2160fdade4971d27ef96f29e2536') in 0.023214 seconds 
  Import took 0.026032 seconds .

========================================================================
Received Import Request.
  Time since last request: 0.000442 seconds.
  path: Assets/Founts/8-01.jpg
  artifactKey: Guid(20738b9d06263094488f08a453b0bc1e) Importer(815301076,1909f56bfc062723c751e8b465ee728b)
Start importing Assets/Founts/8-01.jpg using Guid(20738b9d06263094488f08a453b0bc1e) Importer(815301076,1909f56bfc062723c751e8b465ee728b)  -> (artifact id: '53cfe089a6747e8aadee9a35661ea38b') in 0.030978 seconds 
  Import took 0.033958 seconds .

========================================================================
Received Import Request.
  Time since last request: 0.000345 seconds.
  path: Assets/Founts/2-01.jpg
  artifactKey: Guid(07756b4fe83c5cb458426d3fcac2b656) Importer(815301076,1909f56bfc062723c751e8b465ee728b)
Start importing Assets/Founts/2-01.jpg using Guid(07756b4fe83c5cb458426d3fcac2b656) Importer(815301076,1909f56bfc062723c751e8b465ee728b)  -> (artifact id: 'eb36b71c784ae607ae3adea0749fd7e9') in 0.022004 seconds 
  Import took 0.025170 seconds .

========================================================================
Received Import Request.
  Time since last request: 0.000360 seconds.
  path: Assets/Founts/7.jpg
  artifactKey: Guid(d2f6cb847f99d794da3bdf02503250a0) Importer(815301076,1909f56bfc062723c751e8b465ee728b)
Start importing Assets/Founts/7.jpg using Guid(d2f6cb847f99d794da3bdf02503250a0) Importer(815301076,1909f56bfc062723c751e8b465ee728b)  -> (artifact id: '04ce72dd24d079f63d86500d92875da3') in 0.023857 seconds 
  Import took 0.026734 seconds .

========================================================================
Received Import Request.
  Time since last request: 0.000355 seconds.
  path: Assets/Founts/4-01.jpg
  artifactKey: Guid(c811a2953b2a3374aa5b654c6ca57fea) Importer(815301076,1909f56bfc062723c751e8b465ee728b)
Start importing Assets/Founts/4-01.jpg using Guid(c811a2953b2a3374aa5b654c6ca57fea) Importer(815301076,1909f56bfc062723c751e8b465ee728b)  -> (artifact id: '86f536cee4f066ff8a257249b0142cb2') in 0.023318 seconds 
  Import took 0.026436 seconds .

========================================================================
Received Import Request.
  Time since last request: 0.000367 seconds.
  path: Assets/Founts/6-01.jpg
  artifactKey: Guid(8b66cba2e16b9f449872170e8d6cca86) Importer(815301076,1909f56bfc062723c751e8b465ee728b)
Start importing Assets/Founts/6-01.jpg using Guid(8b66cba2e16b9f449872170e8d6cca86) Importer(815301076,1909f56bfc062723c751e8b465ee728b)  -> (artifact id: 'ed8df26fea37b31361ebc75cb1471736') in 0.029203 seconds 
  Import took 0.032452 seconds .

========================================================================
Received Import Request.
  Time since last request: 0.000363 seconds.
  path: Assets/Founts/10-01.jpg
  artifactKey: Guid(59c6131a3c9aad6429bcb188b173affe) Importer(815301076,1909f56bfc062723c751e8b465ee728b)
Start importing Assets/Founts/10-01.jpg using Guid(59c6131a3c9aad6429bcb188b173affe) Importer(815301076,1909f56bfc062723c751e8b465ee728b)  -> (artifact id: '41e7a0744ca7526b023bb1a5db47ccd4') in 0.026187 seconds 
  Import took 0.029556 seconds .

========================================================================
Received Import Request.
  Time since last request: 0.000381 seconds.
  path: Assets/Founts/6-01.jpg
  artifactKey: Guid(8b66cba2e16b9f449872170e8d6cca86) Importer(815301076,1909f56bfc062723c751e8b465ee728b)
Start importing Assets/Founts/6-01.jpg using Guid(8b66cba2e16b9f449872170e8d6cca86) Importer(815301076,1909f56bfc062723c751e8b465ee728b)  -> (artifact id: 'ed8df26fea37b31361ebc75cb1471736') in 0.021667 seconds 
  Import took 0.025123 seconds .

========================================================================
Received Import Request.
  Time since last request: 0.000318 seconds.
  path: Assets/Founts/9.jpg
  artifactKey: Guid(47fad30257182604c925c515035a5323) Importer(815301076,1909f56bfc062723c751e8b465ee728b)
Start importing Assets/Founts/9.jpg using Guid(47fad30257182604c925c515035a5323) Importer(815301076,1909f56bfc062723c751e8b465ee728b)  -> (artifact id: '1c9e2e0bfe57b0293ba0eb2d2dded35a') in 0.033334 seconds 
  Import took 0.036287 seconds .

========================================================================
Received Import Request.
  Time since last request: 0.000381 seconds.
  path: Assets/Founts/3-01.jpg
  artifactKey: Guid(7dc1437dda8e97b4c806278c7b05bc3d) Importer(815301076,1909f56bfc062723c751e8b465ee728b)
Start importing Assets/Founts/3-01.jpg using Guid(7dc1437dda8e97b4c806278c7b05bc3d) Importer(815301076,1909f56bfc062723c751e8b465ee728b)  -> (artifact id: '8d575fac13a75917c86cd1152b59228e') in 0.020047 seconds 
  Import took 0.023114 seconds .

========================================================================
Received Import Request.
  Time since last request: 3.743836 seconds.
  path: Assets/Founts/README URGENT.txt
  artifactKey: Guid(3871aaa15009e5f449973382fbb968d3) Importer(815301076,1909f56bfc062723c751e8b465ee728b)
Start importing Assets/Founts/README URGENT.txt using Guid(3871aaa15009e5f449973382fbb968d3) Importer(815301076,1909f56bfc062723c751e8b465ee728b)  -> (artifact id: 'e19581ee5bb314ea95afdb43ec916963') in 0.013047 seconds 
  Import took 0.016110 seconds .

========================================================================
Received Import Request.
  Time since last request: 0.000705 seconds.
  path: Assets/Founts/README URGENT.txt
  artifactKey: Guid(3871aaa15009e5f449973382fbb968d3) Importer(815301076,1909f56bfc062723c751e8b465ee728b)
Start importing Assets/Founts/README URGENT.txt using Guid(3871aaa15009e5f449973382fbb968d3) Importer(815301076,1909f56bfc062723c751e8b465ee728b)  -> (artifact id: 'e19581ee5bb314ea95afdb43ec916963') in 0.028528 seconds 
  Import took 0.031954 seconds .

========================================================================
Received Prepare
Registering precompiled user dll's ...
Registered in 0.006106 seconds.
Begin MonoManager ReloadAssembly
Native extension for WindowsStandalone target not found
Refreshing native plugins compatible for Editor in 0.35 ms, found 2 plugins.
Preloading 0 native plugins for Editor in 0.00 ms.
Mono: successfully reloaded assembly
- Completed reload, in  1.155 seconds
Platform modules already initialized, skipping
Switching build target platform(19) subTarget(0) extendedPlatform(0) -> platform(13) subTarget(589824) extendedPlatform(0)
Refreshing native plugins compatible for Editor in 0.34 ms, found 2 plugins.
Preloading 0 native plugins for Editor in 0.00 ms.
Unloading 1396 Unused Serialized files (Serialized files now loaded: 0)
System memory in use before: 90.4 MB.
System memory in use after: 90.5 MB.

Unloading 13 unused Assets to reduce memory usage. Loaded Objects now: 1925.
Total: 2.682400 ms (FindLiveObjects: 0.185100 ms CreateObjectMapping: 0.055300 ms MarkObjects: 2.421500 ms  DeleteObjects: 0.019200 ms)

AssetImportParameters requested are different than current active one (requested -> active):
  custom:framework-win-MediaFoundation: 216162199b28c13a410421893ffa2e32 -> 
  custom:video-decoder-ogg-theora: a1e56fd34408186e4bbccfd4996cb3dc -> 
  custom:container-muxer-webm: aa71ff27fc2769a1b78a27578f13a17b -> 
  custom:container-demuxer-webm: 4f35f7cbe854078d1ac9338744f61a02 -> 
  custom:container-demuxer-ogg: 62fdf1f143b41e24485cea50d1cbac27 -> 
  custom:video-encoder-webm-vp8: eb34c28f22e8b96e1ab97ce403110664 -> 
  custom:video-codec-MediaFoundation-h265: 746d11721c4dcdbdad8f713fa42b33f4 -> 
  custom:video-decoder-webm-vp8: 9c59270c3fd7afecdb556c50c9e8de78 -> 
  custom:graphics/normal-map-encoding: 01000000000000000000000000000000 -> 02000000000000000000000000000000
  custom:audio-decoder-ogg-vorbis: bf7c407c2cedff20999df2af8eb42d56 -> 
  custom:audio-encoder-webm-vorbis: bf7c407c2cedff20999df2af8eb42d56 -> 
========================================================================
Received Prepare
Registering precompiled user dll's ...
Registered in 0.011347 seconds.
Begin MonoManager ReloadAssembly
Native extension for WindowsStandalone target not found
Refreshing native plugins compatible for Editor in 0.34 ms, found 2 plugins.
Preloading 0 native plugins for Editor in 0.00 ms.
Mono: successfully reloaded assembly
- Completed reload, in  1.165 seconds
Platform modules already initialized, skipping
Switching build target platform(19) subTarget(0) extendedPlatform(0) -> platform(13) subTarget(589824) extendedPlatform(0)
Refreshing native plugins compatible for Editor in 0.35 ms, found 2 plugins.
Preloading 0 native plugins for Editor in 0.00 ms.
Unloading 1396 Unused Serialized files (Serialized files now loaded: 0)
System memory in use before: 90.4 MB.
System memory in use after: 90.5 MB.

Unloading 13 unused Assets to reduce memory usage. Loaded Objects now: 1928.
Total: 2.495800 ms (FindLiveObjects: 0.176400 ms CreateObjectMapping: 0.052000 ms MarkObjects: 2.247100 ms  DeleteObjects: 0.019200 ms)

AssetImportParameters requested are different than current active one (requested -> active):
  custom:framework-win-MediaFoundation: 216162199b28c13a410421893ffa2e32 -> 
  custom:video-decoder-ogg-theora: a1e56fd34408186e4bbccfd4996cb3dc -> 
  custom:container-muxer-webm: aa71ff27fc2769a1b78a27578f13a17b -> 
  custom:container-demuxer-webm: 4f35f7cbe854078d1ac9338744f61a02 -> 
  custom:container-demuxer-ogg: 62fdf1f143b41e24485cea50d1cbac27 -> 
  custom:video-encoder-webm-vp8: eb34c28f22e8b96e1ab97ce403110664 -> 
  custom:video-codec-MediaFoundation-h265: 746d11721c4dcdbdad8f713fa42b33f4 -> 
  custom:video-decoder-webm-vp8: 9c59270c3fd7afecdb556c50c9e8de78 -> 
  custom:graphics/normal-map-encoding: 01000000000000000000000000000000 -> 02000000000000000000000000000000
  custom:audio-decoder-ogg-vorbis: bf7c407c2cedff20999df2af8eb42d56 -> 
  custom:audio-encoder-webm-vorbis: bf7c407c2cedff20999df2af8eb42d56 -> 
========================================================================
Received Prepare
Registering precompiled user dll's ...
Registered in 0.004536 seconds.
Begin MonoManager ReloadAssembly
Native extension for WindowsStandalone target not found
Refreshing native plugins compatible for Editor in 0.34 ms, found 2 plugins.
Preloading 0 native plugins for Editor in 0.00 ms.
Mono: successfully reloaded assembly
- Completed reload, in  1.182 seconds
Platform modules already initialized, skipping
Switching build target platform(19) subTarget(0) extendedPlatform(0) -> platform(13) subTarget(589824) extendedPlatform(0)
Refreshing native plugins compatible for Editor in 0.34 ms, found 2 plugins.
Preloading 0 native plugins for Editor in 0.00 ms.
Unloading 1396 Unused Serialized files (Serialized files now loaded: 0)
System memory in use before: 90.4 MB.
System memory in use after: 90.5 MB.

Unloading 13 unused Assets to reduce memory usage. Loaded Objects now: 1931.
Total: 2.075400 ms (FindLiveObjects: 0.160000 ms CreateObjectMapping: 0.051000 ms MarkObjects: 1.846400 ms  DeleteObjects: 0.016800 ms)

AssetImportParameters requested are different than current active one (requested -> active):
  custom:framework-win-MediaFoundation: 216162199b28c13a410421893ffa2e32 -> 
  custom:video-decoder-ogg-theora: a1e56fd34408186e4bbccfd4996cb3dc -> 
  custom:container-muxer-webm: aa71ff27fc2769a1b78a27578f13a17b -> 
  custom:container-demuxer-webm: 4f35f7cbe854078d1ac9338744f61a02 -> 
  custom:container-demuxer-ogg: 62fdf1f143b41e24485cea50d1cbac27 -> 
  custom:video-encoder-webm-vp8: eb34c28f22e8b96e1ab97ce403110664 -> 
  custom:video-codec-MediaFoundation-h265: 746d11721c4dcdbdad8f713fa42b33f4 -> 
  custom:video-decoder-webm-vp8: 9c59270c3fd7afecdb556c50c9e8de78 -> 
  custom:graphics/normal-map-encoding: 01000000000000000000000000000000 -> 02000000000000000000000000000000
  custom:audio-decoder-ogg-vorbis: bf7c407c2cedff20999df2af8eb42d56 -> 
  custom:audio-encoder-webm-vorbis: bf7c407c2cedff20999df2af8eb42d56 -> 
========================================================================
Received Prepare
Registering precompiled user dll's ...
Registered in 0.006151 seconds.
Begin MonoManager ReloadAssembly
Native extension for WindowsStandalone target not found
Refreshing native plugins compatible for Editor in 0.39 ms, found 2 plugins.
Preloading 0 native plugins for Editor in 0.00 ms.
Mono: successfully reloaded assembly
- Completed reload, in  1.196 seconds
Platform modules already initialized, skipping
Switching build target platform(19) subTarget(0) extendedPlatform(0) -> platform(13) subTarget(589824) extendedPlatform(0)
Refreshing native plugins compatible for Editor in 0.63 ms, found 2 plugins.
Preloading 0 native plugins for Editor in 0.00 ms.
Unloading 1396 Unused Serialized files (Serialized files now loaded: 0)
System memory in use before: 90.4 MB.
System memory in use after: 90.5 MB.

Unloading 13 unused Assets to reduce memory usage. Loaded Objects now: 1934.
Total: 4.650200 ms (FindLiveObjects: 0.312300 ms CreateObjectMapping: 0.122400 ms MarkObjects: 4.177900 ms  DeleteObjects: 0.035300 ms)

AssetImportParameters requested are different than current active one (requested -> active):
  custom:framework-win-MediaFoundation: 216162199b28c13a410421893ffa2e32 -> 
  custom:video-decoder-ogg-theora: a1e56fd34408186e4bbccfd4996cb3dc -> 
  custom:container-muxer-webm: aa71ff27fc2769a1b78a27578f13a17b -> 
  custom:container-demuxer-webm: 4f35f7cbe854078d1ac9338744f61a02 -> 
  custom:container-demuxer-ogg: 62fdf1f143b41e24485cea50d1cbac27 -> 
  custom:video-encoder-webm-vp8: eb34c28f22e8b96e1ab97ce403110664 -> 
  custom:video-codec-MediaFoundation-h265: 746d11721c4dcdbdad8f713fa42b33f4 -> 
  custom:video-decoder-webm-vp8: 9c59270c3fd7afecdb556c50c9e8de78 -> 
  custom:graphics/normal-map-encoding: 01000000000000000000000000000000 -> 02000000000000000000000000000000
  custom:audio-decoder-ogg-vorbis: bf7c407c2cedff20999df2af8eb42d56 -> 
  custom:audio-encoder-webm-vorbis: bf7c407c2cedff20999df2af8eb42d56 -> 
========================================================================
Received Import Request.
  Time since last request: 1261.874321 seconds.
  path: Assets/Scripts/BlockManager.cs
  artifactKey: Guid(eaa0bc3d4cfb5495a98fee0a14577e65) Importer(815301076,1909f56bfc062723c751e8b465ee728b)
Start importing Assets/Scripts/BlockManager.cs using Guid(eaa0bc3d4cfb5495a98fee0a14577e65) Importer(815301076,1909f56bfc062723c751e8b465ee728b)  -> (artifact id: '79db63b4b392a48bf42148e2238ab2dd') in 0.073640 seconds 
  Import took 0.079230 seconds .

========================================================================
Received Import Request.
  Time since last request: 665.239706 seconds.
  path: Assets/Scripts/OnClickTitle.cs
  artifactKey: Guid(a4959e9f4ceeb704792cba1bdbb9e108) Importer(815301076,1909f56bfc062723c751e8b465ee728b)
Start importing Assets/Scripts/OnClickTitle.cs using Guid(a4959e9f4ceeb704792cba1bdbb9e108) Importer(815301076,1909f56bfc062723c751e8b465ee728b)  -> (artifact id: '56c0a6411e131f980561b5095719def4') in 0.005850 seconds 
  Import took 0.009284 seconds .

========================================================================
Received Import Request.
  Time since last request: 0.000859 seconds.
  path: Assets/Scripts/OnClickTitle.cs
  artifactKey: Guid(a4959e9f4ceeb704792cba1bdbb9e108) Importer(815301076,1909f56bfc062723c751e8b465ee728b)
Start importing Assets/Scripts/OnClickTitle.cs using Guid(a4959e9f4ceeb704792cba1bdbb9e108) Importer(815301076,1909f56bfc062723c751e8b465ee728b)  -> (artifact id: '56c0a6411e131f980561b5095719def4') in 0.005475 seconds 
  Import took 0.008872 seconds .

========================================================================
Received Prepare
Registering precompiled user dll's ...
Registered in 0.003054 seconds.
Begin MonoManager ReloadAssembly
Native extension for WindowsStandalone target not found
Refreshing native plugins compatible for Editor in 0.48 ms, found 2 plugins.
Preloading 0 native plugins for Editor in 0.00 ms.
Mono: successfully reloaded assembly
- Completed reload, in  0.892 seconds
Platform modules already initialized, skipping
Switching build target platform(19) subTarget(0) extendedPlatform(0) -> platform(13) subTarget(589824) extendedPlatform(0)
Refreshing native plugins compatible for Editor in 0.26 ms, found 2 plugins.
Preloading 0 native plugins for Editor in 0.00 ms.
Unloading 1397 Unused Serialized files (Serialized files now loaded: 0)
System memory in use before: 90.5 MB.
System memory in use after: 90.6 MB.

Unloading 13 unused Assets to reduce memory usage. Loaded Objects now: 1938.
Total: 1.942700 ms (FindLiveObjects: 0.146900 ms CreateObjectMapping: 0.036300 ms MarkObjects: 1.745300 ms  DeleteObjects: 0.013500 ms)

AssetImportParameters requested are different than current active one (requested -> active):
  custom:framework-win-MediaFoundation: 216162199b28c13a410421893ffa2e32 -> 
  custom:video-decoder-ogg-theora: a1e56fd34408186e4bbccfd4996cb3dc -> 
  custom:container-muxer-webm: aa71ff27fc2769a1b78a27578f13a17b -> 
  custom:container-demuxer-webm: 4f35f7cbe854078d1ac9338744f61a02 -> 
  custom:container-demuxer-ogg: 62fdf1f143b41e24485cea50d1cbac27 -> 
  custom:video-encoder-webm-vp8: eb34c28f22e8b96e1ab97ce403110664 -> 
  custom:video-codec-MediaFoundation-h265: 746d11721c4dcdbdad8f713fa42b33f4 -> 
  custom:video-decoder-webm-vp8: 9c59270c3fd7afecdb556c50c9e8de78 -> 
  custom:graphics/normal-map-encoding: 01000000000000000000000000000000 -> 02000000000000000000000000000000
  custom:audio-decoder-ogg-vorbis: bf7c407c2cedff20999df2af8eb42d56 -> 
  custom:audio-encoder-webm-vorbis: bf7c407c2cedff20999df2af8eb42d56 -> 
========================================================================
Received Prepare
Registering precompiled user dll's ...
Registered in 0.002940 seconds.
Begin MonoManager ReloadAssembly
Native extension for WindowsStandalone target not found
Refreshing native plugins compatible for Editor in 0.39 ms, found 2 plugins.
Preloading 0 native plugins for Editor in 0.00 ms.
Mono: successfully reloaded assembly
- Completed reload, in  0.907 seconds
Platform modules already initialized, skipping
Switching build target platform(19) subTarget(0) extendedPlatform(0) -> platform(13) subTarget(589824) extendedPlatform(0)
Refreshing native plugins compatible for Editor in 0.28 ms, found 2 plugins.
Preloading 0 native plugins for Editor in 0.00 ms.
Unloading 1397 Unused Serialized files (Serialized files now loaded: 0)
System memory in use before: 90.5 MB.
System memory in use after: 90.6 MB.

Unloading 13 unused Assets to reduce memory usage. Loaded Objects now: 1941.
Total: 1.545000 ms (FindLiveObjects: 0.125300 ms CreateObjectMapping: 0.035600 ms MarkObjects: 1.371600 ms  DeleteObjects: 0.011700 ms)

AssetImportParameters requested are different than current active one (requested -> active):
  custom:framework-win-MediaFoundation: 216162199b28c13a410421893ffa2e32 -> 
  custom:video-decoder-ogg-theora: a1e56fd34408186e4bbccfd4996cb3dc -> 
  custom:container-muxer-webm: aa71ff27fc2769a1b78a27578f13a17b -> 
  custom:container-demuxer-webm: 4f35f7cbe854078d1ac9338744f61a02 -> 
  custom:container-demuxer-ogg: 62fdf1f143b41e24485cea50d1cbac27 -> 
  custom:video-encoder-webm-vp8: eb34c28f22e8b96e1ab97ce403110664 -> 
  custom:video-codec-MediaFoundation-h265: 746d11721c4dcdbdad8f713fa42b33f4 -> 
  custom:video-decoder-webm-vp8: 9c59270c3fd7afecdb556c50c9e8de78 -> 
  custom:graphics/normal-map-encoding: 01000000000000000000000000000000 -> 02000000000000000000000000000000
  custom:audio-decoder-ogg-vorbis: bf7c407c2cedff20999df2af8eb42d56 -> 
  custom:audio-encoder-webm-vorbis: bf7c407c2cedff20999df2af8eb42d56 -> 
========================================================================
Received Import Request.
  Time since last request: 250.891235 seconds.
  path: Assets/Plugins
  artifactKey: Guid(a5dc770ba36a81449880a6bd4bee0a1d) Importer(815301076,1909f56bfc062723c751e8b465ee728b)
Start importing Assets/Plugins using Guid(a5dc770ba36a81449880a6bd4bee0a1d) Importer(815301076,1909f56bfc062723c751e8b465ee728b)  -> (artifact id: '56692ea049c0e8e7ede56f8255730935') in 0.009768 seconds 
  Import took 0.013164 seconds .

========================================================================
Received Import Request.
  Time since last request: 1.416722 seconds.
  path: Assets/Plugins/Android
  artifactKey: Guid(99c2076d3bff2924dbf4650cdc48a9dd) Importer(815301076,1909f56bfc062723c751e8b465ee728b)
Start importing Assets/Plugins/Android using Guid(99c2076d3bff2924dbf4650cdc48a9dd) Importer(815301076,1909f56bfc062723c751e8b465ee728b)  -> (artifact id: '559e93f066e93eaa1d9a300910aa34f3') in 0.093666 seconds 
  Import took 0.095604 seconds .

========================================================================
Received Import Request.
  Time since last request: 1.954692 seconds.
  path: Assets/Plugins/Android/LauncherManifest.xml
  artifactKey: Guid(16a90a57b42b3fb4f931ecc3eb16ffe6) Importer(815301076,1909f56bfc062723c751e8b465ee728b)
Start importing Assets/Plugins/Android/LauncherManifest.xml using Guid(16a90a57b42b3fb4f931ecc3eb16ffe6) Importer(815301076,1909f56bfc062723c751e8b465ee728b)  -> (artifact id: '709d6ff88543f963c9776dcfd382c03e') in 0.023741 seconds 
  Import took 0.026121 seconds .

========================================================================
Received Import Request.
  Time since last request: 18.564230 seconds.
  path: Assets/Scripts/OnClickTitle.cs
  artifactKey: Guid(a4959e9f4ceeb704792cba1bdbb9e108) Importer(815301076,1909f56bfc062723c751e8b465ee728b)
Start importing Assets/Scripts/OnClickTitle.cs using Guid(a4959e9f4ceeb704792cba1bdbb9e108) Importer(815301076,1909f56bfc062723c751e8b465ee728b)  -> (artifact id: '6a1240ddb98d4d61a9edf18be90a89cc') in 0.324779 seconds 
  Import took 0.326820 seconds .

========================================================================
Received Prepare
Registering precompiled user dll's ...
Registered in 0.003459 seconds.
Begin MonoManager ReloadAssembly
Native extension for WindowsStandalone target not found
Refreshing native plugins compatible for Editor in 0.27 ms, found 2 plugins.
Preloading 0 native plugins for Editor in 0.00 ms.
Mono: successfully reloaded assembly
- Completed reload, in  0.796 seconds
Platform modules already initialized, skipping
Switching build target platform(19) subTarget(0) extendedPlatform(0) -> platform(13) subTarget(589824) extendedPlatform(0)
Refreshing native plugins compatible for Editor in 0.28 ms, found 2 plugins.
Preloading 0 native plugins for Editor in 0.00 ms.
Unloading 1397 Unused Serialized files (Serialized files now loaded: 0)
System memory in use before: 90.5 MB.
System memory in use after: 90.6 MB.

Unloading 13 unused Assets to reduce memory usage. Loaded Objects now: 1944.
Total: 1.754600 ms (FindLiveObjects: 0.141500 ms CreateObjectMapping: 0.035100 ms MarkObjects: 1.565200 ms  DeleteObjects: 0.012000 ms)

AssetImportParameters requested are different than current active one (requested -> active):
  custom:framework-win-MediaFoundation: 216162199b28c13a410421893ffa2e32 -> 
  custom:video-decoder-ogg-theora: a1e56fd34408186e4bbccfd4996cb3dc -> 
  custom:container-muxer-webm: aa71ff27fc2769a1b78a27578f13a17b -> 
  custom:container-demuxer-webm: 4f35f7cbe854078d1ac9338744f61a02 -> 
  custom:container-demuxer-ogg: 62fdf1f143b41e24485cea50d1cbac27 -> 
  custom:video-encoder-webm-vp8: eb34c28f22e8b96e1ab97ce403110664 -> 
  custom:video-codec-MediaFoundation-h265: 746d11721c4dcdbdad8f713fa42b33f4 -> 
  custom:video-decoder-webm-vp8: 9c59270c3fd7afecdb556c50c9e8de78 -> 
  custom:graphics/normal-map-encoding: 01000000000000000000000000000000 -> 02000000000000000000000000000000
  custom:audio-decoder-ogg-vorbis: bf7c407c2cedff20999df2af8eb42d56 -> 
  custom:audio-encoder-webm-vorbis: bf7c407c2cedff20999df2af8eb42d56 -> 
========================================================================
Received Import Request.
  Time since last request: 791.938789 seconds.
  path: Assets/Scripts/OnClickStart.cs
  artifactKey: Guid(0ec42f1297931d7449356e231ba1bfb0) Importer(815301076,1909f56bfc062723c751e8b465ee728b)
Start importing Assets/Scripts/OnClickStart.cs using Guid(0ec42f1297931d7449356e231ba1bfb0) Importer(815301076,1909f56bfc062723c751e8b465ee728b)  -> (artifact id: '7c0581a5a24c12795174eb99aae4f0f3') in 0.008983 seconds 
  Import took 0.012003 seconds .

========================================================================
Received Import Request.
  Time since last request: 0.001079 seconds.
  path: Assets/Scripts/OnClickStart.cs
  artifactKey: Guid(0ec42f1297931d7449356e231ba1bfb0) Importer(815301076,1909f56bfc062723c751e8b465ee728b)
Start importing Assets/Scripts/OnClickStart.cs using Guid(0ec42f1297931d7449356e231ba1bfb0) Importer(815301076,1909f56bfc062723c751e8b465ee728b)  -> (artifact id: '7c0581a5a24c12795174eb99aae4f0f3') in 0.006025 seconds 
  Import took 0.008384 seconds .

========================================================================
Received Prepare
Registering precompiled user dll's ...
Registered in 0.003051 seconds.
Begin MonoManager ReloadAssembly
Native extension for WindowsStandalone target not found
Refreshing native plugins compatible for Editor in 0.32 ms, found 2 plugins.
Preloading 0 native plugins for Editor in 0.00 ms.
Mono: successfully reloaded assembly
- Completed reload, in  0.911 seconds
Platform modules already initialized, skipping
Switching build target platform(19) subTarget(0) extendedPlatform(0) -> platform(13) subTarget(589824) extendedPlatform(0)
Refreshing native plugins compatible for Editor in 0.27 ms, found 2 plugins.
Preloading 0 native plugins for Editor in 0.00 ms.
Unloading 1398 Unused Serialized files (Serialized files now loaded: 0)
System memory in use before: 90.5 MB.
System memory in use after: 90.6 MB.

Unloading 13 unused Assets to reduce memory usage. Loaded Objects now: 1948.
Total: 1.962100 ms (FindLiveObjects: 0.134800 ms CreateObjectMapping: 0.035300 ms MarkObjects: 1.778700 ms  DeleteObjects: 0.012600 ms)

AssetImportParameters requested are different than current active one (requested -> active):
  custom:framework-win-MediaFoundation: 216162199b28c13a410421893ffa2e32 -> 
  custom:video-decoder-ogg-theora: a1e56fd34408186e4bbccfd4996cb3dc -> 
  custom:container-muxer-webm: aa71ff27fc2769a1b78a27578f13a17b -> 
  custom:container-demuxer-webm: 4f35f7cbe854078d1ac9338744f61a02 -> 
  custom:container-demuxer-ogg: 62fdf1f143b41e24485cea50d1cbac27 -> 
  custom:video-encoder-webm-vp8: eb34c28f22e8b96e1ab97ce403110664 -> 
  custom:video-codec-MediaFoundation-h265: 746d11721c4dcdbdad8f713fa42b33f4 -> 
  custom:video-decoder-webm-vp8: 9c59270c3fd7afecdb556c50c9e8de78 -> 
  custom:graphics/normal-map-encoding: 01000000000000000000000000000000 -> 02000000000000000000000000000000
  custom:audio-decoder-ogg-vorbis: bf7c407c2cedff20999df2af8eb42d56 -> 
  custom:audio-encoder-webm-vorbis: bf7c407c2cedff20999df2af8eb42d56 -> 
========================================================================
Received Prepare
Registering precompiled user dll's ...
Registered in 0.003242 seconds.
Begin MonoManager ReloadAssembly
Native extension for WindowsStandalone target not found
Refreshing native plugins compatible for Editor in 0.28 ms, found 2 plugins.
Preloading 0 native plugins for Editor in 0.00 ms.
Mono: successfully reloaded assembly
- Completed reload, in  0.866 seconds
Platform modules already initialized, skipping
Switching build target platform(19) subTarget(0) extendedPlatform(0) -> platform(13) subTarget(589824) extendedPlatform(0)
Refreshing native plugins compatible for Editor in 0.28 ms, found 2 plugins.
Preloading 0 native plugins for Editor in 0.00 ms.
Unloading 1398 Unused Serialized files (Serialized files now loaded: 0)
System memory in use before: 90.5 MB.
System memory in use after: 90.6 MB.

Unloading 13 unused Assets to reduce memory usage. Loaded Objects now: 1951.
Total: 1.630200 ms (FindLiveObjects: 0.129200 ms CreateObjectMapping: 0.036000 ms MarkObjects: 1.451700 ms  DeleteObjects: 0.012500 ms)

AssetImportParameters requested are different than current active one (requested -> active):
  custom:framework-win-MediaFoundation: 216162199b28c13a410421893ffa2e32 -> 
  custom:video-decoder-ogg-theora: a1e56fd34408186e4bbccfd4996cb3dc -> 
  custom:container-muxer-webm: aa71ff27fc2769a1b78a27578f13a17b -> 
  custom:container-demuxer-webm: 4f35f7cbe854078d1ac9338744f61a02 -> 
  custom:container-demuxer-ogg: 62fdf1f143b41e24485cea50d1cbac27 -> 
  custom:video-encoder-webm-vp8: eb34c28f22e8b96e1ab97ce403110664 -> 
  custom:video-codec-MediaFoundation-h265: 746d11721c4dcdbdad8f713fa42b33f4 -> 
  custom:video-decoder-webm-vp8: 9c59270c3fd7afecdb556c50c9e8de78 -> 
  custom:graphics/normal-map-encoding: 01000000000000000000000000000000 -> 02000000000000000000000000000000
  custom:audio-decoder-ogg-vorbis: bf7c407c2cedff20999df2af8eb42d56 -> 
  custom:audio-encoder-webm-vorbis: bf7c407c2cedff20999df2af8eb42d56 -> 
========================================================================
Received Import Request.
  Time since last request: 147.232643 seconds.
  path: Assets/Scripts/OnClickStart.cs
  artifactKey: Guid(0ec42f1297931d7449356e231ba1bfb0) Importer(815301076,1909f56bfc062723c751e8b465ee728b)
Start importing Assets/Scripts/OnClickStart.cs using Guid(0ec42f1297931d7449356e231ba1bfb0) Importer(815301076,1909f56bfc062723c751e8b465ee728b)  -> (artifact id: 'a949ead45d4e73ad1c8463cf1fc3a1e0') in 0.015799 seconds 
  Import took 0.018172 seconds .

========================================================================
Received Import Request.
  Time since last request: 74.515997 seconds.
  path: Assets/Scenes/TitleScene.unity
  artifactKey: Guid(664a24fd2ab769b4d95a783317535901) Importer(815301076,1909f56bfc062723c751e8b465ee728b)
Start importing Assets/Scenes/TitleScene.unity using Guid(664a24fd2ab769b4d95a783317535901) Importer(815301076,1909f56bfc062723c751e8b465ee728b)  -> (artifact id: 'e51c6e8e463362203fc5976eeba3e4b9') in 0.365927 seconds 
  Import took 0.370920 seconds .

========================================================================
Received Prepare
Registering precompiled user dll's ...
Registered in 0.002993 seconds.
Begin MonoManager ReloadAssembly
Native extension for WindowsStandalone target not found
Refreshing native plugins compatible for Editor in 0.27 ms, found 2 plugins.
Preloading 0 native plugins for Editor in 0.00 ms.
Mono: successfully reloaded assembly
- Completed reload, in  0.835 seconds
Platform modules already initialized, skipping
Switching build target platform(19) subTarget(0) extendedPlatform(0) -> platform(13) subTarget(589824) extendedPlatform(0)
Refreshing native plugins compatible for Editor in 0.26 ms, found 2 plugins.
Preloading 0 native plugins for Editor in 0.00 ms.
Unloading 1398 Unused Serialized files (Serialized files now loaded: 0)
System memory in use before: 90.5 MB.
System memory in use after: 90.6 MB.

Unloading 13 unused Assets to reduce memory usage. Loaded Objects now: 1954.
Total: 1.763500 ms (FindLiveObjects: 0.128500 ms CreateObjectMapping: 0.036000 ms MarkObjects: 1.586600 ms  DeleteObjects: 0.011800 ms)

AssetImportParameters requested are different than current active one (requested -> active):
  custom:framework-win-MediaFoundation: 216162199b28c13a410421893ffa2e32 -> 
  custom:video-decoder-ogg-theora: a1e56fd34408186e4bbccfd4996cb3dc -> 
  custom:container-muxer-webm: aa71ff27fc2769a1b78a27578f13a17b -> 
  custom:container-demuxer-webm: 4f35f7cbe854078d1ac9338744f61a02 -> 
  custom:container-demuxer-ogg: 62fdf1f143b41e24485cea50d1cbac27 -> 
  custom:video-encoder-webm-vp8: eb34c28f22e8b96e1ab97ce403110664 -> 
  custom:video-codec-MediaFoundation-h265: 746d11721c4dcdbdad8f713fa42b33f4 -> 
  custom:video-decoder-webm-vp8: 9c59270c3fd7afecdb556c50c9e8de78 -> 
  custom:graphics/normal-map-encoding: 01000000000000000000000000000000 -> 02000000000000000000000000000000
  custom:audio-decoder-ogg-vorbis: bf7c407c2cedff20999df2af8eb42d56 -> 
  custom:audio-encoder-webm-vorbis: bf7c407c2cedff20999df2af8eb42d56 -> 
========================================================================
Received Import Request.
  Time since last request: 512.093524 seconds.
  path: Assets/Sprites/Candy_Instruction.png
  artifactKey: Guid(062c65b59273023458f6c101342b0658) Importer(815301076,1909f56bfc062723c751e8b465ee728b)
Start importing Assets/Sprites/Candy_Instruction.png using Guid(062c65b59273023458f6c101342b0658) Importer(815301076,1909f56bfc062723c751e8b465ee728b)  -> (artifact id: '2c99783e832563e559f6b6769548a669') in 0.065199 seconds 
  Import took 0.067239 seconds .

========================================================================
Received Import Request.
  Time since last request: 559.946664 seconds.
  path: Assets/Scenes/SceneMain.unity
  artifactKey: Guid(4ba3f852c54c24ecca5d6a8b40bd5d04) Importer(815301076,1909f56bfc062723c751e8b465ee728b)
Start importing Assets/Scenes/SceneMain.unity using Guid(4ba3f852c54c24ecca5d6a8b40bd5d04) Importer(815301076,1909f56bfc062723c751e8b465ee728b)  -> (artifact id: 'd7367a10ee854f034ac543eb110a3586') in 0.009519 seconds 
  Import took 0.108149 seconds .

========================================================================
Received Prepare
Registering precompiled user dll's ...
Registered in 0.003426 seconds.
Begin MonoManager ReloadAssembly
Native extension for WindowsStandalone target not found
Refreshing native plugins compatible for Editor in 0.29 ms, found 2 plugins.
Preloading 0 native plugins for Editor in 0.00 ms.
Mono: successfully reloaded assembly
- Completed reload, in  0.885 seconds
Platform modules already initialized, skipping
Switching build target platform(19) subTarget(0) extendedPlatform(0) -> platform(13) subTarget(589824) extendedPlatform(0)
Refreshing native plugins compatible for Editor in 0.28 ms, found 2 plugins.
Preloading 0 native plugins for Editor in 0.00 ms.
Unloading 1398 Unused Serialized files (Serialized files now loaded: 0)
System memory in use before: 90.5 MB.
System memory in use after: 90.6 MB.

Unloading 13 unused Assets to reduce memory usage. Loaded Objects now: 1958.
Total: 2.246900 ms (FindLiveObjects: 0.128500 ms CreateObjectMapping: 0.037700 ms MarkObjects: 2.044700 ms  DeleteObjects: 0.035300 ms)

AssetImportParameters requested are different than current active one (requested -> active):
  custom:framework-win-MediaFoundation: 216162199b28c13a410421893ffa2e32 -> 
  custom:video-decoder-ogg-theora: a1e56fd34408186e4bbccfd4996cb3dc -> 
  custom:container-muxer-webm: aa71ff27fc2769a1b78a27578f13a17b -> 
  custom:container-demuxer-webm: 4f35f7cbe854078d1ac9338744f61a02 -> 
  custom:container-demuxer-ogg: 62fdf1f143b41e24485cea50d1cbac27 -> 
  custom:video-encoder-webm-vp8: eb34c28f22e8b96e1ab97ce403110664 -> 
  custom:video-codec-MediaFoundation-h265: 746d11721c4dcdbdad8f713fa42b33f4 -> 
  custom:video-decoder-webm-vp8: 9c59270c3fd7afecdb556c50c9e8de78 -> 
  custom:graphics/normal-map-encoding: 01000000000000000000000000000000 -> 02000000000000000000000000000000
  custom:audio-decoder-ogg-vorbis: bf7c407c2cedff20999df2af8eb42d56 -> 
  custom:audio-encoder-webm-vorbis: bf7c407c2cedff20999df2af8eb42d56 -> 
========================================================================
Received Prepare
Registering precompiled user dll's ...
Registered in 0.003658 seconds.
Begin MonoManager ReloadAssembly
Native extension for WindowsStandalone target not found
Refreshing native plugins compatible for Editor in 0.27 ms, found 2 plugins.
Preloading 0 native plugins for Editor in 0.00 ms.
Mono: successfully reloaded assembly
- Completed reload, in  0.868 seconds
Platform modules already initialized, skipping
Switching build target platform(19) subTarget(0) extendedPlatform(0) -> platform(13) subTarget(589824) extendedPlatform(0)
Refreshing native plugins compatible for Editor in 0.29 ms, found 2 plugins.
Preloading 0 native plugins for Editor in 0.00 ms.
Unloading 1398 Unused Serialized files (Serialized files now loaded: 0)
System memory in use before: 90.5 MB.
System memory in use after: 90.6 MB.

Unloading 13 unused Assets to reduce memory usage. Loaded Objects now: 1961.
Total: 2.039800 ms (FindLiveObjects: 0.156600 ms CreateObjectMapping: 0.042000 ms MarkObjects: 1.804000 ms  DeleteObjects: 0.036200 ms)

AssetImportParameters requested are different than current active one (requested -> active):
  custom:framework-win-MediaFoundation: 216162199b28c13a410421893ffa2e32 -> 
  custom:video-decoder-ogg-theora: a1e56fd34408186e4bbccfd4996cb3dc -> 
  custom:container-muxer-webm: aa71ff27fc2769a1b78a27578f13a17b -> 
  custom:container-demuxer-webm: 4f35f7cbe854078d1ac9338744f61a02 -> 
  custom:container-demuxer-ogg: 62fdf1f143b41e24485cea50d1cbac27 -> 
  custom:video-encoder-webm-vp8: eb34c28f22e8b96e1ab97ce403110664 -> 
  custom:video-codec-MediaFoundation-h265: 746d11721c4dcdbdad8f713fa42b33f4 -> 
  custom:video-decoder-webm-vp8: 9c59270c3fd7afecdb556c50c9e8de78 -> 
  custom:graphics/normal-map-encoding: 01000000000000000000000000000000 -> 02000000000000000000000000000000
  custom:audio-decoder-ogg-vorbis: bf7c407c2cedff20999df2af8eb42d56 -> 
  custom:audio-encoder-webm-vorbis: bf7c407c2cedff20999df2af8eb42d56 -> 
========================================================================
Received Import Request.
  Time since last request: 184.038994 seconds.
  path: Assets/Scenes/InstructionsScene.unity
  artifactKey: Guid(6184cfe9a54d41a43a19ca792379c61e) Importer(815301076,1909f56bfc062723c751e8b465ee728b)
Start importing Assets/Scenes/InstructionsScene.unity using Guid(6184cfe9a54d41a43a19ca792379c61e) Importer(815301076,1909f56bfc062723c751e8b465ee728b)  -> (artifact id: 'f91c070c0c41f7509599997951efb514') in 0.016288 seconds 
  Import took 0.018675 seconds .

========================================================================
Received Import Request.
  Time since last request: 16.617443 seconds.
  path: Assets/Sprites/ (811).png
  artifactKey: Guid(965b389146390754c8283dcad2f584e9) Importer(815301076,1909f56bfc062723c751e8b465ee728b)
Start importing Assets/Sprites/ (811).png using Guid(965b389146390754c8283dcad2f584e9) Importer(815301076,1909f56bfc062723c751e8b465ee728b)  -> (artifact id: '5ba4660ef9531740b54e52d8e2d3679b') in 0.057492 seconds 
  Import took 0.059562 seconds .

========================================================================
Received Import Request.
  Time since last request: 1206.775163 seconds.
  path: Assets/Scripts/OnClickPlay.cs
  artifactKey: Guid(c4444ac07a5e145429f14330f55f5eb2) Importer(815301076,1909f56bfc062723c751e8b465ee728b)
Start importing Assets/Scripts/OnClickPlay.cs using Guid(c4444ac07a5e145429f14330f55f5eb2) Importer(815301076,1909f56bfc062723c751e8b465ee728b)  -> (artifact id: '0cdf1ec48e5bc31ba6721474bc035826') in 0.006320 seconds 
  Import took 0.009742 seconds .

========================================================================
Received Prepare
Registering precompiled user dll's ...
Registered in 0.003455 seconds.
Begin MonoManager ReloadAssembly
Native extension for WindowsStandalone target not found
Refreshing native plugins compatible for Editor in 0.33 ms, found 2 plugins.
Preloading 0 native plugins for Editor in 0.00 ms.
Mono: successfully reloaded assembly
- Completed reload, in  0.909 seconds
Platform modules already initialized, skipping
Switching build target platform(19) subTarget(0) extendedPlatform(0) -> platform(13) subTarget(589824) extendedPlatform(0)
Refreshing native plugins compatible for Editor in 0.34 ms, found 2 plugins.
Preloading 0 native plugins for Editor in 0.00 ms.
Unloading 1399 Unused Serialized files (Serialized files now loaded: 0)
System memory in use before: 90.6 MB.
System memory in use after: 90.7 MB.

Unloading 13 unused Assets to reduce memory usage. Loaded Objects now: 1968.
Total: 1.721500 ms (FindLiveObjects: 0.165800 ms CreateObjectMapping: 0.042800 ms MarkObjects: 1.496200 ms  DeleteObjects: 0.015600 ms)

AssetImportParameters requested are different than current active one (requested -> active):
  custom:framework-win-MediaFoundation: 216162199b28c13a410421893ffa2e32 -> 
  custom:video-decoder-ogg-theora: a1e56fd34408186e4bbccfd4996cb3dc -> 
  custom:container-muxer-webm: aa71ff27fc2769a1b78a27578f13a17b -> 
  custom:container-demuxer-webm: 4f35f7cbe854078d1ac9338744f61a02 -> 
  custom:container-demuxer-ogg: 62fdf1f143b41e24485cea50d1cbac27 -> 
  custom:video-encoder-webm-vp8: eb34c28f22e8b96e1ab97ce403110664 -> 
  custom:video-codec-MediaFoundation-h265: 746d11721c4dcdbdad8f713fa42b33f4 -> 
  custom:video-decoder-webm-vp8: 9c59270c3fd7afecdb556c50c9e8de78 -> 
  custom:graphics/normal-map-encoding: 01000000000000000000000000000000 -> 02000000000000000000000000000000
  custom:audio-decoder-ogg-vorbis: bf7c407c2cedff20999df2af8eb42d56 -> 
  custom:audio-encoder-webm-vorbis: bf7c407c2cedff20999df2af8eb42d56 -> 
========================================================================
Received Prepare
Registering precompiled user dll's ...
Registered in 0.005001 seconds.
Begin MonoManager ReloadAssembly
Native extension for WindowsStandalone target not found
Refreshing native plugins compatible for Editor in 0.27 ms, found 2 plugins.
Preloading 0 native plugins for Editor in 0.00 ms.
Mono: successfully reloaded assembly
- Completed reload, in  0.934 seconds
Platform modules already initialized, skipping
Switching build target platform(19) subTarget(0) extendedPlatform(0) -> platform(13) subTarget(589824) extendedPlatform(0)
Refreshing native plugins compatible for Editor in 0.27 ms, found 2 plugins.
Preloading 0 native plugins for Editor in 0.00 ms.
Unloading 1399 Unused Serialized files (Serialized files now loaded: 0)
System memory in use before: 90.6 MB.
System memory in use after: 90.8 MB.

Unloading 13 unused Assets to reduce memory usage. Loaded Objects now: 1971.
Total: 1.614300 ms (FindLiveObjects: 0.128900 ms CreateObjectMapping: 0.038100 ms MarkObjects: 1.434500 ms  DeleteObjects: 0.012200 ms)

AssetImportParameters requested are different than current active one (requested -> active):
  custom:framework-win-MediaFoundation: 216162199b28c13a410421893ffa2e32 -> 
  custom:video-decoder-ogg-theora: a1e56fd34408186e4bbccfd4996cb3dc -> 
  custom:container-muxer-webm: aa71ff27fc2769a1b78a27578f13a17b -> 
  custom:container-demuxer-webm: 4f35f7cbe854078d1ac9338744f61a02 -> 
  custom:container-demuxer-ogg: 62fdf1f143b41e24485cea50d1cbac27 -> 
  custom:video-encoder-webm-vp8: eb34c28f22e8b96e1ab97ce403110664 -> 
  custom:video-codec-MediaFoundation-h265: 746d11721c4dcdbdad8f713fa42b33f4 -> 
  custom:video-decoder-webm-vp8: 9c59270c3fd7afecdb556c50c9e8de78 -> 
  custom:graphics/normal-map-encoding: 01000000000000000000000000000000 -> 02000000000000000000000000000000
  custom:audio-decoder-ogg-vorbis: bf7c407c2cedff20999df2af8eb42d56 -> 
  custom:audio-encoder-webm-vorbis: bf7c407c2cedff20999df2af8eb42d56 -> 
========================================================================
Received Import Request.
  Time since last request: 112.971180 seconds.
  path: Assets/Scripts/OnClickPlay.cs
  artifactKey: Guid(c4444ac07a5e145429f14330f55f5eb2) Importer(815301076,1909f56bfc062723c751e8b465ee728b)
Start importing Assets/Scripts/OnClickPlay.cs using Guid(c4444ac07a5e145429f14330f55f5eb2) Importer(815301076,1909f56bfc062723c751e8b465ee728b)  -> (artifact id: '564a198ac91e7ebc5b878e113d3982b6') in 0.011646 seconds 
  Import took 0.013619 seconds .

========================================================================
Received Prepare
Registering precompiled user dll's ...
Registered in 0.002843 seconds.
Begin MonoManager ReloadAssembly
Native extension for WindowsStandalone target not found
Refreshing native plugins compatible for Editor in 0.26 ms, found 2 plugins.
Preloading 0 native plugins for Editor in 0.00 ms.
Mono: successfully reloaded assembly
- Completed reload, in  0.841 seconds
Platform modules already initialized, skipping
Switching build target platform(19) subTarget(0) extendedPlatform(0) -> platform(13) subTarget(589824) extendedPlatform(0)
Refreshing native plugins compatible for Editor in 0.28 ms, found 2 plugins.
Preloading 0 native plugins for Editor in 0.00 ms.
Unloading 1399 Unused Serialized files (Serialized files now loaded: 0)
System memory in use before: 90.7 MB.
System memory in use after: 90.8 MB.

Unloading 13 unused Assets to reduce memory usage. Loaded Objects now: 1974.
Total: 1.678900 ms (FindLiveObjects: 0.130000 ms CreateObjectMapping: 0.037900 ms MarkObjects: 1.476600 ms  DeleteObjects: 0.033700 ms)

AssetImportParameters requested are different than current active one (requested -> active):
  custom:framework-win-MediaFoundation: 216162199b28c13a410421893ffa2e32 -> 
  custom:video-decoder-ogg-theora: a1e56fd34408186e4bbccfd4996cb3dc -> 
  custom:container-muxer-webm: aa71ff27fc2769a1b78a27578f13a17b -> 
  custom:container-demuxer-webm: 4f35f7cbe854078d1ac9338744f61a02 -> 
  custom:container-demuxer-ogg: 62fdf1f143b41e24485cea50d1cbac27 -> 
  custom:video-encoder-webm-vp8: eb34c28f22e8b96e1ab97ce403110664 -> 
  custom:video-codec-MediaFoundation-h265: 746d11721c4dcdbdad8f713fa42b33f4 -> 
  custom:video-decoder-webm-vp8: 9c59270c3fd7afecdb556c50c9e8de78 -> 
  custom:graphics/normal-map-encoding: 01000000000000000000000000000000 -> 02000000000000000000000000000000
  custom:audio-decoder-ogg-vorbis: bf7c407c2cedff20999df2af8eb42d56 -> 
  custom:audio-encoder-webm-vorbis: bf7c407c2cedff20999df2af8eb42d56 -> 
========================================================================
Received Import Request.
  Time since last request: 179.298691 seconds.
  path: Assets/Scenes/ResultScene.unity
  artifactKey: Guid(a77a586cbf02f3b45b9934284667b6e5) Importer(815301076,1909f56bfc062723c751e8b465ee728b)
Start importing Assets/Scenes/ResultScene.unity using Guid(a77a586cbf02f3b45b9934284667b6e5) Importer(815301076,1909f56bfc062723c751e8b465ee728b)  -> (artifact id: '40309995a17e1cb146268d385b01ee15') in 0.017287 seconds 
  Import took 0.019576 seconds .

========================================================================
Received Prepare
Registering precompiled user dll's ...
Registered in 0.003237 seconds.
Begin MonoManager ReloadAssembly
Native extension for WindowsStandalone target not found
Refreshing native plugins compatible for Editor in 0.35 ms, found 2 plugins.
Preloading 0 native plugins for Editor in 0.00 ms.
Mono: successfully reloaded assembly
- Completed reload, in  0.893 seconds
Platform modules already initialized, skipping
Switching build target platform(19) subTarget(0) extendedPlatform(0) -> platform(13) subTarget(589824) extendedPlatform(0)
Refreshing native plugins compatible for Editor in 0.27 ms, found 2 plugins.
Preloading 0 native plugins for Editor in 0.00 ms.
Unloading 1399 Unused Serialized files (Serialized files now loaded: 0)
System memory in use before: 90.7 MB.
System memory in use after: 90.8 MB.

Unloading 13 unused Assets to reduce memory usage. Loaded Objects now: 1977.
Total: 2.040100 ms (FindLiveObjects: 0.144500 ms CreateObjectMapping: 0.038600 ms MarkObjects: 1.843100 ms  DeleteObjects: 0.013200 ms)

AssetImportParameters requested are different than current active one (requested -> active):
  custom:framework-win-MediaFoundation: 216162199b28c13a410421893ffa2e32 -> 
  custom:video-decoder-ogg-theora: a1e56fd34408186e4bbccfd4996cb3dc -> 
  custom:container-muxer-webm: aa71ff27fc2769a1b78a27578f13a17b -> 
  custom:container-demuxer-webm: 4f35f7cbe854078d1ac9338744f61a02 -> 
  custom:container-demuxer-ogg: 62fdf1f143b41e24485cea50d1cbac27 -> 
  custom:video-encoder-webm-vp8: eb34c28f22e8b96e1ab97ce403110664 -> 
  custom:video-codec-MediaFoundation-h265: 746d11721c4dcdbdad8f713fa42b33f4 -> 
  custom:video-decoder-webm-vp8: 9c59270c3fd7afecdb556c50c9e8de78 -> 
  custom:graphics/normal-map-encoding: 01000000000000000000000000000000 -> 02000000000000000000000000000000
  custom:audio-decoder-ogg-vorbis: bf7c407c2cedff20999df2af8eb42d56 -> 
  custom:audio-encoder-webm-vorbis: bf7c407c2cedff20999df2af8eb42d56 -> 
========================================================================
Received Prepare
Registering precompiled user dll's ...
Registered in 0.003142 seconds.
Begin MonoManager ReloadAssembly
Native extension for WindowsStandalone target not found
Refreshing native plugins compatible for Editor in 0.39 ms, found 2 plugins.
Preloading 0 native plugins for Editor in 0.00 ms.
Mono: successfully reloaded assembly
- Completed reload, in  0.920 seconds
Platform modules already initialized, skipping
Switching build target platform(19) subTarget(0) extendedPlatform(0) -> platform(13) subTarget(589824) extendedPlatform(0)
Refreshing native plugins compatible for Editor in 0.27 ms, found 2 plugins.
Preloading 0 native plugins for Editor in 0.00 ms.
Unloading 1399 Unused Serialized files (Serialized files now loaded: 0)
System memory in use before: 90.7 MB.
System memory in use after: 90.8 MB.

Unloading 13 unused Assets to reduce memory usage. Loaded Objects now: 1980.
Total: 2.474600 ms (FindLiveObjects: 0.149100 ms CreateObjectMapping: 0.043200 ms MarkObjects: 2.233500 ms  DeleteObjects: 0.047800 ms)

AssetImportParameters requested are different than current active one (requested -> active):
  custom:framework-win-MediaFoundation: 216162199b28c13a410421893ffa2e32 -> 
  custom:video-decoder-ogg-theora: a1e56fd34408186e4bbccfd4996cb3dc -> 
  custom:container-muxer-webm: aa71ff27fc2769a1b78a27578f13a17b -> 
  custom:container-demuxer-webm: 4f35f7cbe854078d1ac9338744f61a02 -> 
  custom:container-demuxer-ogg: 62fdf1f143b41e24485cea50d1cbac27 -> 
  custom:video-encoder-webm-vp8: eb34c28f22e8b96e1ab97ce403110664 -> 
  custom:video-codec-MediaFoundation-h265: 746d11721c4dcdbdad8f713fa42b33f4 -> 
  custom:video-decoder-webm-vp8: 9c59270c3fd7afecdb556c50c9e8de78 -> 
  custom:graphics/normal-map-encoding: 01000000000000000000000000000000 -> 02000000000000000000000000000000
  custom:audio-decoder-ogg-vorbis: bf7c407c2cedff20999df2af8eb42d56 -> 
  custom:audio-encoder-webm-vorbis: bf7c407c2cedff20999df2af8eb42d56 -> 
========================================================================
Received Prepare
Registering precompiled user dll's ...
Registered in 0.003377 seconds.
Begin MonoManager ReloadAssembly
Native extension for WindowsStandalone target not found
Refreshing native plugins compatible for Editor in 0.27 ms, found 2 plugins.
Preloading 0 native plugins for Editor in 0.00 ms.
Mono: successfully reloaded assembly
- Completed reload, in  0.869 seconds
Platform modules already initialized, skipping
Switching build target platform(19) subTarget(0) extendedPlatform(0) -> platform(13) subTarget(589824) extendedPlatform(0)
Refreshing native plugins compatible for Editor in 0.26 ms, found 2 plugins.
Preloading 0 native plugins for Editor in 0.00 ms.
Unloading 1399 Unused Serialized files (Serialized files now loaded: 0)
System memory in use before: 90.7 MB.
System memory in use after: 90.8 MB.

Unloading 13 unused Assets to reduce memory usage. Loaded Objects now: 1983.
Total: 1.872500 ms (FindLiveObjects: 0.138300 ms CreateObjectMapping: 0.036400 ms MarkObjects: 1.685400 ms  DeleteObjects: 0.011800 ms)

AssetImportParameters requested are different than current active one (requested -> active):
  custom:framework-win-MediaFoundation: 216162199b28c13a410421893ffa2e32 -> 
  custom:video-decoder-ogg-theora: a1e56fd34408186e4bbccfd4996cb3dc -> 
  custom:container-muxer-webm: aa71ff27fc2769a1b78a27578f13a17b -> 
  custom:container-demuxer-webm: 4f35f7cbe854078d1ac9338744f61a02 -> 
  custom:container-demuxer-ogg: 62fdf1f143b41e24485cea50d1cbac27 -> 
  custom:video-encoder-webm-vp8: eb34c28f22e8b96e1ab97ce403110664 -> 
  custom:video-codec-MediaFoundation-h265: 746d11721c4dcdbdad8f713fa42b33f4 -> 
  custom:video-decoder-webm-vp8: 9c59270c3fd7afecdb556c50c9e8de78 -> 
  custom:graphics/normal-map-encoding: 01000000000000000000000000000000 -> 02000000000000000000000000000000
  custom:audio-decoder-ogg-vorbis: bf7c407c2cedff20999df2af8eb42d56 -> 
  custom:audio-encoder-webm-vorbis: bf7c407c2cedff20999df2af8eb42d56 -> 
AssetImportWorkerClient::OnTransportError - code=2 error=End of file
