Using pre-set license
Built from '2020.3/staging' branch; Version is '2020.3.13f1 (71691879b7f5) revision 7432472'; Using compiler version '192528614'; Build Type 'Release'
OS: 'Windows 10 Home; OS build 19042.1165; Version 2009; 64bit' Language: 'ja' Physical Memory: 16145 MB
BatchMode: 1, IsHumanControllingUs: 0, StartBugReporterOnCrash: 0, Is64bit: 1, IsPro: 0

 COMMAND LINE ARGUMENTS:
C:\Program Files\Unity\Hub\Editor\2020.3.13f1\Editor\Unity.exe
-adb2
-batchMode
-noUpm
-name
AssetImportWorker0
-projectPath
D:/T_Kobayashi_Submission/2d_puzzle
-logFile
Logs/AssetImportWorker0.log
-srvPort
64987
Successfully changed project path to: D:/T_Kobayashi_Submission/2d_puzzle
D:/T_Kobayashi_Submission/2d_puzzle
Using Asset Import Pipeline V2.
Refreshing native plugins compatible for Editor in 25.18 ms, found 2 plugins.
Preloading 0 native plugins for Editor in 0.00 ms.
Initialize engine version: 2020.3.13f1 (71691879b7f5)
[Subsystems] Discovering subsystems at path C:/Program Files/Unity/Hub/Editor/2020.3.13f1/Editor/Data/Resources/UnitySubsystems
[Subsystems] Discovering subsystems at path D:/T_Kobayashi_Submission/2d_puzzle/Assets
GfxDevice: creating device client; threaded=0
Direct3D:
    Version:  Direct3D 11.0 [level 11.1]
    Renderer: NVIDIA GeForce RTX 2060 (ID=0x1f15)
    Vendor:   
    VRAM:     5980 MB
    Driver:   27.21.14.6231
Initialize mono
Mono path[0] = 'C:/Program Files/Unity/Hub/Editor/2020.3.13f1/Editor/Data/Managed'
Mono path[1] = 'C:/Program Files/Unity/Hub/Editor/2020.3.13f1/Editor/Data/MonoBleedingEdge/lib/mono/unityjit'
Mono config path = 'C:/Program Files/Unity/Hub/Editor/2020.3.13f1/Editor/Data/MonoBleedingEdge/etc'
Using monoOptions --debugger-agent=transport=dt_socket,embedding=1,server=y,suspend=n,address=127.0.0.1:56312
Begin MonoManager ReloadAssembly
Registering precompiled unity dll's ...
Register platform support module: C:/Program Files/Unity/Hub/Editor/2020.3.13f1/Editor/Data/PlaybackEngines/WindowsStandaloneSupport/UnityEditor.WindowsStandalone.Extensions.dll
Registered in 0.001941 seconds.
Native extension for WindowsStandalone target not found
Refreshing native plugins compatible for Editor in 22.33 ms, found 2 plugins.
Preloading 0 native plugins for Editor in 0.00 ms.
Mono: successfully reloaded assembly
- Completed reload, in  1.527 seconds
Platform modules already initialized, skipping
Registering precompiled user dll's ...
Registered in 0.002909 seconds.
Begin MonoManager ReloadAssembly
Native extension for WindowsStandalone target not found
Refreshing native plugins compatible for Editor in 0.28 ms, found 2 plugins.
Preloading 0 native plugins for Editor in 0.00 ms.
Mono: successfully reloaded assembly
- Completed reload, in  0.777 seconds
Platform modules already initialized, skipping
========================================================================
Worker process is ready to serve import requests
Launched and connected shader compiler UnityShaderCompiler.exe after 0.04 seconds
Refreshing native plugins compatible for Editor in 0.30 ms, found 2 plugins.
Preloading 0 native plugins for Editor in 0.00 ms.
Unloading 1402 Unused Serialized files (Serialized files now loaded: 0)
System memory in use before: 87.3 MB.
System memory in use after: 87.4 MB.

Unloading 17 unused Assets to reduce memory usage. Loaded Objects now: 1859.
Total: 1.830300 ms (FindLiveObjects: 0.166700 ms CreateObjectMapping: 0.049300 ms MarkObjects: 1.573000 ms  DeleteObjects: 0.040400 ms)

AssetImportParameters requested are different than current active one (requested -> active):
  custom:framework-win-MediaFoundation: 216162199b28c13a410421893ffa2e32 -> 
  custom:video-decoder-ogg-theora: a1e56fd34408186e4bbccfd4996cb3dc -> 
  custom:container-muxer-webm: aa71ff27fc2769a1b78a27578f13a17b -> 
  custom:container-demuxer-webm: 4f35f7cbe854078d1ac9338744f61a02 -> 
  custom:container-demuxer-ogg: 62fdf1f143b41e24485cea50d1cbac27 -> 
  custom:video-encoder-webm-vp8: eb34c28f22e8b96e1ab97ce403110664 -> 
  custom:video-codec-MediaFoundation-h265: 746d11721c4dcdbdad8f713fa42b33f4 -> 
  custom:video-decoder-webm-vp8: 9c59270c3fd7afecdb556c50c9e8de78 -> 
  custom:audio-decoder-ogg-vorbis: bf7c407c2cedff20999df2af8eb42d56 -> 
  custom:audio-encoder-webm-vorbis: bf7c407c2cedff20999df2af8eb42d56 -> 
========================================================================
Received Import Request.
  path: Assets
  artifactKey: Guid(00000000000000001000000000000000) Importer(815301076,1909f56bfc062723c751e8b465ee728b)
Start importing Assets using Guid(00000000000000001000000000000000) Importer(815301076,1909f56bfc062723c751e8b465ee728b)  -> (artifact id: '42d402b061de3733987d63b9cc3b64de') in 0.011529 seconds 
  Import took 0.013423 seconds .

========================================================================
Received Import Request.
  Time since last request: 10.167103 seconds.
  path: Assets/BGM
  artifactKey: Guid(4c0a1161376b5f547b1a4d83a023cc85) Importer(815301076,1909f56bfc062723c751e8b465ee728b)
Start importing Assets/BGM using Guid(4c0a1161376b5f547b1a4d83a023cc85) Importer(815301076,1909f56bfc062723c751e8b465ee728b)  -> (artifact id: '08c1f411cffac49e444e98869fb28948') in 0.012288 seconds 
  Import took 0.014968 seconds .

========================================================================
Received Import Request.
  Time since last request: 84.943396 seconds.
  path: Assets/BGM/keys-of-moon-cheer-up.mp3
  artifactKey: Guid(ae904a2819100a64f9992e3233e6aa1c) Importer(815301076,1909f56bfc062723c751e8b465ee728b)
Start importing Assets/BGM/keys-of-moon-cheer-up.mp3 using Guid(ae904a2819100a64f9992e3233e6aa1c) Importer(815301076,1909f56bfc062723c751e8b465ee728b)  -> (artifact id: 'a8ba2a8e99ef05a1e57714d101c0c376') in 0.097201 seconds 
  Import took 0.099214 seconds .

========================================================================
Received Prepare
Registering precompiled user dll's ...
Registered in 0.003095 seconds.
Begin MonoManager ReloadAssembly
Native extension for WindowsStandalone target not found
Refreshing native plugins compatible for Editor in 0.34 ms, found 2 plugins.
Preloading 0 native plugins for Editor in 0.00 ms.
Mono: successfully reloaded assembly
- Completed reload, in  0.756 seconds
Platform modules already initialized, skipping
Switching build target platform(19) subTarget(0) extendedPlatform(0) -> platform(13) subTarget(589824) extendedPlatform(0)
Refreshing native plugins compatible for Editor in 0.27 ms, found 2 plugins.
Preloading 0 native plugins for Editor in 0.00 ms.
Unloading 1399 Unused Serialized files (Serialized files now loaded: 0)
System memory in use before: 90.0 MB.
System memory in use after: 90.2 MB.

Unloading 13 unused Assets to reduce memory usage. Loaded Objects now: 1871.
Total: 1.640000 ms (FindLiveObjects: 0.118700 ms CreateObjectMapping: 0.035200 ms MarkObjects: 1.473600 ms  DeleteObjects: 0.011800 ms)

AssetImportParameters requested are different than current active one (requested -> active):
  custom:framework-win-MediaFoundation: 216162199b28c13a410421893ffa2e32 -> 
  custom:video-decoder-ogg-theora: a1e56fd34408186e4bbccfd4996cb3dc -> 
  custom:container-muxer-webm: aa71ff27fc2769a1b78a27578f13a17b -> 
  custom:container-demuxer-webm: 4f35f7cbe854078d1ac9338744f61a02 -> 
  custom:container-demuxer-ogg: 62fdf1f143b41e24485cea50d1cbac27 -> 
  custom:video-encoder-webm-vp8: eb34c28f22e8b96e1ab97ce403110664 -> 
  custom:video-codec-MediaFoundation-h265: 746d11721c4dcdbdad8f713fa42b33f4 -> 
  custom:video-decoder-webm-vp8: 9c59270c3fd7afecdb556c50c9e8de78 -> 
  custom:graphics/normal-map-encoding: 01000000000000000000000000000000 -> 02000000000000000000000000000000
  custom:audio-decoder-ogg-vorbis: bf7c407c2cedff20999df2af8eb42d56 -> 
  custom:audio-encoder-webm-vorbis: bf7c407c2cedff20999df2af8eb42d56 -> 
========================================================================
Received Import Request.
  Time since last request: 174.611000 seconds.
  path: Assets/BGM/PlayGame.mp3
  artifactKey: Guid(ae904a2819100a64f9992e3233e6aa1c) Importer(815301076,1909f56bfc062723c751e8b465ee728b)
Start importing Assets/BGM/PlayGame.mp3 using Guid(ae904a2819100a64f9992e3233e6aa1c) Importer(815301076,1909f56bfc062723c751e8b465ee728b)  -> (artifact id: '486b4470c72c3cee92a8ad822603e3e6') in 0.038260 seconds 
  Import took 0.040135 seconds .

========================================================================
Received Import Request.
  Time since last request: 1398.449679 seconds.
  path: Assets/BGM/2018-11-27_-_Happy_Tree_-_FesliyanStudios.com_By_Stephen_Bennett.mp3
  artifactKey: Guid(94e1194167526fb4dbb8ef68c440ccaa) Importer(815301076,1909f56bfc062723c751e8b465ee728b)
Start importing Assets/BGM/2018-11-27_-_Happy_Tree_-_FesliyanStudios.com_By_Stephen_Bennett.mp3 using Guid(94e1194167526fb4dbb8ef68c440ccaa) Importer(815301076,1909f56bfc062723c751e8b465ee728b)  -> (artifact id: 'ecb48313413645a325a336ecdc1febf2') in 0.014234 seconds 
  Import took 0.016926 seconds .

========================================================================
Received Import Request.
  Time since last request: 23.281271 seconds.
  path: Assets/BGM/GameInstruction.mp3
  artifactKey: Guid(94e1194167526fb4dbb8ef68c440ccaa) Importer(815301076,1909f56bfc062723c751e8b465ee728b)
Start importing Assets/BGM/GameInstruction.mp3 using Guid(94e1194167526fb4dbb8ef68c440ccaa) Importer(815301076,1909f56bfc062723c751e8b465ee728b)  -> (artifact id: '1149a74fbe8f9ff1990d285e781c4869') in 0.013957 seconds 
  Import took 0.016511 seconds .

========================================================================
Received Import Request.
  Time since last request: 22.285728 seconds.
  path: Assets/Scenes/InstructionsScene.unity
  artifactKey: Guid(6184cfe9a54d41a43a19ca792379c61e) Importer(815301076,1909f56bfc062723c751e8b465ee728b)
Start importing Assets/Scenes/InstructionsScene.unity using Guid(6184cfe9a54d41a43a19ca792379c61e) Importer(815301076,1909f56bfc062723c751e8b465ee728b)  -> (artifact id: '0c1e91fff26ac0ac35ec946f1d262523') in 0.010166 seconds 
  Import took 0.012758 seconds .

========================================================================
Received Prepare
Registering precompiled user dll's ...
Registered in 0.003391 seconds.
Begin MonoManager ReloadAssembly
Native extension for WindowsStandalone target not found
Refreshing native plugins compatible for Editor in 0.35 ms, found 2 plugins.
Preloading 0 native plugins for Editor in 0.00 ms.
Mono: successfully reloaded assembly
- Completed reload, in  0.777 seconds
Platform modules already initialized, skipping
Switching build target platform(19) subTarget(0) extendedPlatform(0) -> platform(13) subTarget(589824) extendedPlatform(0)
Refreshing native plugins compatible for Editor in 0.27 ms, found 2 plugins.
Preloading 0 native plugins for Editor in 0.00 ms.
Unloading 1399 Unused Serialized files (Serialized files now loaded: 0)
System memory in use before: 90.1 MB.
System memory in use after: 90.2 MB.

Unloading 13 unused Assets to reduce memory usage. Loaded Objects now: 1875.
Total: 1.572900 ms (FindLiveObjects: 0.120100 ms CreateObjectMapping: 0.036900 ms MarkObjects: 1.403600 ms  DeleteObjects: 0.011600 ms)

AssetImportParameters requested are different than current active one (requested -> active):
  custom:framework-win-MediaFoundation: 216162199b28c13a410421893ffa2e32 -> 
  custom:video-decoder-ogg-theora: a1e56fd34408186e4bbccfd4996cb3dc -> 
  custom:container-muxer-webm: aa71ff27fc2769a1b78a27578f13a17b -> 
  custom:container-demuxer-webm: 4f35f7cbe854078d1ac9338744f61a02 -> 
  custom:container-demuxer-ogg: 62fdf1f143b41e24485cea50d1cbac27 -> 
  custom:video-encoder-webm-vp8: eb34c28f22e8b96e1ab97ce403110664 -> 
  custom:video-codec-MediaFoundation-h265: 746d11721c4dcdbdad8f713fa42b33f4 -> 
  custom:video-decoder-webm-vp8: 9c59270c3fd7afecdb556c50c9e8de78 -> 
  custom:graphics/normal-map-encoding: 01000000000000000000000000000000 -> 02000000000000000000000000000000
  custom:audio-decoder-ogg-vorbis: bf7c407c2cedff20999df2af8eb42d56 -> 
  custom:audio-encoder-webm-vorbis: bf7c407c2cedff20999df2af8eb42d56 -> 
========================================================================
Received Import Request.
  Time since last request: 231.802719 seconds.
  path: Assets/BGM/30sec-2020-11-11_-_Holiday_Hustle_-_www.FesliyanStudios.com_David_Renda.mp3
  artifactKey: Guid(1d0e95be1c7074441b99d112cbe2a0ff) Importer(815301076,1909f56bfc062723c751e8b465ee728b)
Start importing Assets/BGM/30sec-2020-11-11_-_Holiday_Hustle_-_www.FesliyanStudios.com_David_Renda.mp3 using Guid(1d0e95be1c7074441b99d112cbe2a0ff) Importer(815301076,1909f56bfc062723c751e8b465ee728b)  -> (artifact id: 'd35847ff5291299a4f19f8e3e9d26a77') in 0.044432 seconds 
  Import took 0.046535 seconds .

========================================================================
Received Import Request.
  Time since last request: 21.651974 seconds.
  path: Assets/BGM/TitleBGM.mp3
  artifactKey: Guid(1d0e95be1c7074441b99d112cbe2a0ff) Importer(815301076,1909f56bfc062723c751e8b465ee728b)
Start importing Assets/BGM/TitleBGM.mp3 using Guid(1d0e95be1c7074441b99d112cbe2a0ff) Importer(815301076,1909f56bfc062723c751e8b465ee728b)  -> (artifact id: '0c8657b91672406ff54b95d80e8631b0') in 0.014643 seconds 
  Import took 0.017010 seconds .

========================================================================
Received Prepare
Registering precompiled user dll's ...
Registered in 0.003527 seconds.
Begin MonoManager ReloadAssembly
Native extension for WindowsStandalone target not found
Refreshing native plugins compatible for Editor in 0.31 ms, found 2 plugins.
Preloading 0 native plugins for Editor in 0.00 ms.
Mono: successfully reloaded assembly
- Completed reload, in  0.789 seconds
Platform modules already initialized, skipping
Switching build target platform(19) subTarget(0) extendedPlatform(0) -> platform(13) subTarget(589824) extendedPlatform(0)
Refreshing native plugins compatible for Editor in 0.31 ms, found 2 plugins.
Preloading 0 native plugins for Editor in 0.00 ms.
Unloading 1399 Unused Serialized files (Serialized files now loaded: 0)
System memory in use before: 90.1 MB.
System memory in use after: 90.2 MB.

Unloading 13 unused Assets to reduce memory usage. Loaded Objects now: 1879.
Total: 2.002500 ms (FindLiveObjects: 0.175500 ms CreateObjectMapping: 0.047600 ms MarkObjects: 1.740600 ms  DeleteObjects: 0.037700 ms)

AssetImportParameters requested are different than current active one (requested -> active):
  custom:framework-win-MediaFoundation: 216162199b28c13a410421893ffa2e32 -> 
  custom:video-decoder-ogg-theora: a1e56fd34408186e4bbccfd4996cb3dc -> 
  custom:container-muxer-webm: aa71ff27fc2769a1b78a27578f13a17b -> 
  custom:container-demuxer-webm: 4f35f7cbe854078d1ac9338744f61a02 -> 
  custom:container-demuxer-ogg: 62fdf1f143b41e24485cea50d1cbac27 -> 
  custom:video-encoder-webm-vp8: eb34c28f22e8b96e1ab97ce403110664 -> 
  custom:video-codec-MediaFoundation-h265: 746d11721c4dcdbdad8f713fa42b33f4 -> 
  custom:video-decoder-webm-vp8: 9c59270c3fd7afecdb556c50c9e8de78 -> 
  custom:graphics/normal-map-encoding: 01000000000000000000000000000000 -> 02000000000000000000000000000000
  custom:audio-decoder-ogg-vorbis: bf7c407c2cedff20999df2af8eb42d56 -> 
  custom:audio-encoder-webm-vorbis: bf7c407c2cedff20999df2af8eb42d56 -> 
========================================================================
Received Import Request.
  Time since last request: 46.630634 seconds.
  path: Assets/Scenes/ResultScene.unity
  artifactKey: Guid(a77a586cbf02f3b45b9934284667b6e5) Importer(815301076,1909f56bfc062723c751e8b465ee728b)
Start importing Assets/Scenes/ResultScene.unity using Guid(a77a586cbf02f3b45b9934284667b6e5) Importer(815301076,1909f56bfc062723c751e8b465ee728b)  -> (artifact id: '04ca2f13d0c0d21e1ec73d48bb16608d') in 0.342199 seconds 
  Import took 0.346847 seconds .

========================================================================
Received Prepare
Registering precompiled user dll's ...
Registered in 0.002846 seconds.
Begin MonoManager ReloadAssembly
Native extension for WindowsStandalone target not found
Refreshing native plugins compatible for Editor in 0.27 ms, found 2 plugins.
Preloading 0 native plugins for Editor in 0.00 ms.
Mono: successfully reloaded assembly
- Completed reload, in  0.796 seconds
Platform modules already initialized, skipping
Switching build target platform(19) subTarget(0) extendedPlatform(0) -> platform(13) subTarget(589824) extendedPlatform(0)
Refreshing native plugins compatible for Editor in 0.27 ms, found 2 plugins.
Preloading 0 native plugins for Editor in 0.00 ms.
Unloading 1399 Unused Serialized files (Serialized files now loaded: 0)
System memory in use before: 90.1 MB.
System memory in use after: 90.2 MB.

Unloading 13 unused Assets to reduce memory usage. Loaded Objects now: 1882.
Total: 1.651600 ms (FindLiveObjects: 0.123400 ms CreateObjectMapping: 0.036300 ms MarkObjects: 1.479000 ms  DeleteObjects: 0.012000 ms)

AssetImportParameters requested are different than current active one (requested -> active):
  custom:framework-win-MediaFoundation: 216162199b28c13a410421893ffa2e32 -> 
  custom:video-decoder-ogg-theora: a1e56fd34408186e4bbccfd4996cb3dc -> 
  custom:container-muxer-webm: aa71ff27fc2769a1b78a27578f13a17b -> 
  custom:container-demuxer-webm: 4f35f7cbe854078d1ac9338744f61a02 -> 
  custom:container-demuxer-ogg: 62fdf1f143b41e24485cea50d1cbac27 -> 
  custom:video-encoder-webm-vp8: eb34c28f22e8b96e1ab97ce403110664 -> 
  custom:video-codec-MediaFoundation-h265: 746d11721c4dcdbdad8f713fa42b33f4 -> 
  custom:video-decoder-webm-vp8: 9c59270c3fd7afecdb556c50c9e8de78 -> 
  custom:graphics/normal-map-encoding: 01000000000000000000000000000000 -> 02000000000000000000000000000000
  custom:audio-decoder-ogg-vorbis: bf7c407c2cedff20999df2af8eb42d56 -> 
  custom:audio-encoder-webm-vorbis: bf7c407c2cedff20999df2af8eb42d56 -> 
========================================================================
Received Import Request.
  Time since last request: 1007.174627 seconds.
  path: Assets/BGM/Candy Club.mp3
  artifactKey: Guid(064565c390633c04090308c10b7aa9c2) Importer(815301076,1909f56bfc062723c751e8b465ee728b)
Start importing Assets/BGM/Candy Club.mp3 using Guid(064565c390633c04090308c10b7aa9c2) Importer(815301076,1909f56bfc062723c751e8b465ee728b)  -> (artifact id: '958ef3dd2e4ebb18fdc4d031e946e28e') in 0.053386 seconds 
  Import took 0.055920 seconds .

========================================================================
Received Import Request.
  Time since last request: 15.425230 seconds.
  path: Assets/BGM/ResultBGM.mp3
  artifactKey: Guid(064565c390633c04090308c10b7aa9c2) Importer(815301076,1909f56bfc062723c751e8b465ee728b)
Start importing Assets/BGM/ResultBGM.mp3 using Guid(064565c390633c04090308c10b7aa9c2) Importer(815301076,1909f56bfc062723c751e8b465ee728b)  -> (artifact id: '3dfef5e41dfa838eb2909c625d16b9b8') in 0.013115 seconds 
  Import took 0.015505 seconds .

========================================================================
Received Prepare
Registering precompiled user dll's ...
Registered in 0.003159 seconds.
Begin MonoManager ReloadAssembly
Native extension for WindowsStandalone target not found
Refreshing native plugins compatible for Editor in 0.27 ms, found 2 plugins.
Preloading 0 native plugins for Editor in 0.00 ms.
Mono: successfully reloaded assembly
- Completed reload, in  0.783 seconds
Platform modules already initialized, skipping
Switching build target platform(19) subTarget(0) extendedPlatform(0) -> platform(13) subTarget(589824) extendedPlatform(0)
Refreshing native plugins compatible for Editor in 0.27 ms, found 2 plugins.
Preloading 0 native plugins for Editor in 0.00 ms.
Unloading 1399 Unused Serialized files (Serialized files now loaded: 0)
System memory in use before: 90.1 MB.
System memory in use after: 90.3 MB.

Unloading 13 unused Assets to reduce memory usage. Loaded Objects now: 1886.
Total: 2.223900 ms (FindLiveObjects: 0.131700 ms CreateObjectMapping: 0.033400 ms MarkObjects: 2.045600 ms  DeleteObjects: 0.012600 ms)

AssetImportParameters requested are different than current active one (requested -> active):
  custom:framework-win-MediaFoundation: 216162199b28c13a410421893ffa2e32 -> 
  custom:video-decoder-ogg-theora: a1e56fd34408186e4bbccfd4996cb3dc -> 
  custom:container-muxer-webm: aa71ff27fc2769a1b78a27578f13a17b -> 
  custom:container-demuxer-webm: 4f35f7cbe854078d1ac9338744f61a02 -> 
  custom:container-demuxer-ogg: 62fdf1f143b41e24485cea50d1cbac27 -> 
  custom:video-encoder-webm-vp8: eb34c28f22e8b96e1ab97ce403110664 -> 
  custom:video-codec-MediaFoundation-h265: 746d11721c4dcdbdad8f713fa42b33f4 -> 
  custom:video-decoder-webm-vp8: 9c59270c3fd7afecdb556c50c9e8de78 -> 
  custom:graphics/normal-map-encoding: 01000000000000000000000000000000 -> 02000000000000000000000000000000
  custom:audio-decoder-ogg-vorbis: bf7c407c2cedff20999df2af8eb42d56 -> 
  custom:audio-encoder-webm-vorbis: bf7c407c2cedff20999df2af8eb42d56 -> 
AssetImportWorkerClient::OnTransportError - code=2 error=End of file
